<?xml version="1.0" encoding="UTF-8"?>
<coverage generated="1616752099303" clover="3.2.0">
  <project timestamp="1616752099304" name="All files">
    <metrics statements="4" coveredstatements="4" conditionals="2" coveredconditionals="2" methods="2" coveredmethods="2" elements="8" coveredelements="8" complexity="0" loc="4" ncloc="4" packages="2" files="2" classes="2"/>
    <package name="Header">
      <metrics statements="2" coveredstatements="2" conditionals="2" coveredconditionals="2" methods="1" coveredmethods="1"/>
      <file name="Header.tsx" path="/Users/remcohoff/projects/tiltshift/development/wonen-ui/src/components/timeline/Header/Header.tsx">
        <metrics statements="2" coveredstatements="2" conditionals="2" coveredconditionals="2" methods="1" coveredmethods="1"/>
        <line num="7" count="2" type="stmt"/>
        <line num="8" count="2" type="cond" truecount="2" falsecount="0"/>
      </file>
    </package>
    <package name="Timeline">
      <metrics statements="2" coveredstatements="2" conditionals="0" coveredconditionals="0" methods="1" coveredmethods="1"/>
      <file name="Timeline.tsx" path="/Users/remcohoff/projects/tiltshift/development/wonen-ui/src/components/timeline/Timeline/Timeline.tsx">
        <metrics statements="2" coveredstatements="2" conditionals="0" coveredconditionals="0" methods="1" coveredmethods="1"/>
        <line num="8" count="1" type="stmt"/>
        <line num="9" count="1" type="stmt"/>
      </file>
    </package>
  </project>
</coverage>
