{"/Users/remyvanderwereld/git/wonen-ui/src/setupTests.ts": {"path":"/Users/remyvanderwereld/git/wonen-ui/src/setupTests.ts","statementMap":{},"fnMap":{},"branchMap":{},"s":{},"f":{},"b":{}}
,"/Users/remyvanderwereld/git/wonen-ui/src/components/CaseIdDisplay/CaseIdDisplay.tsx": {"path":"/Users/remyvanderwereld/git/wonen-ui/src/components/CaseIdDisplay/CaseIdDisplay.tsx","statementMap":{"0":{"start":{"line":7,"column":39},"end":{"line":7,"column":69}},"1":{"start":{"line":7,"column":51},"end":{"line":7,"column":69}}},"fnMap":{"0":{"name":"(anonymous_0)","decl":{"start":{"line":7,"column":39},"end":{"line":7,"column":40}},"loc":{"start":{"line":7,"column":51},"end":{"line":7,"column":69}},"line":7}},"branchMap":{"0":{"loc":{"start":{"line":7,"column":55},"end":{"line":7,"column":64}},"type":"binary-expr","locations":[{"start":{"line":7,"column":55},"end":{"line":7,"column":57}},{"start":{"line":7,"column":61},"end":{"line":7,"column":64}}],"line":7}},"s":{"0":0,"1":0},"f":{"0":0},"b":{"0":[0,0]}}
,"/Users/remyvanderwereld/git/wonen-ui/src/components/Data/DefinitionList/DefinitionList.tsx": {"path":"/Users/remyvanderwereld/git/wonen-ui/src/components/Data/DefinitionList/DefinitionList.tsx","statementMap":{"0":{"start":{"line":21,"column":11},"end":{"line":23,"column":1}},"1":{"start":{"line":25,"column":40},"end":{"line":65,"column":1}},"2":{"start":{"line":35,"column":15},"end":{"line":35,"column":41}},"3":{"start":{"line":37,"column":2},"end":{"line":64,"column":3}},"4":{"start":{"line":52,"column":14},"end":{"line":57,"column":16}}},"fnMap":{"0":{"name":"(anonymous_0)","decl":{"start":{"line":25,"column":40},"end":{"line":25,"column":41}},"loc":{"start":{"line":33,"column":6},"end":{"line":65,"column":1}},"line":33},"1":{"name":"(anonymous_1)","decl":{"start":{"line":51,"column":25},"end":{"line":51,"column":26}},"loc":{"start":{"line":52,"column":14},"end":{"line":57,"column":16}},"line":52}},"branchMap":{"0":{"loc":{"start":{"line":26,"column":2},"end":{"line":26,"column":17}},"type":"default-arg","locations":[{"start":{"line":26,"column":12},"end":{"line":26,"column":17}}],"line":26},"1":{"loc":{"start":{"line":27,"column":2},"end":{"line":27,"column":20}},"type":"default-arg","locations":[{"start":{"line":27,"column":19},"end":{"line":27,"column":20}}],"line":27},"2":{"loc":{"start":{"line":29,"column":2},"end":{"line":29,"column":20}},"type":"default-arg","locations":[{"start":{"line":29,"column":16},"end":{"line":29,"column":20}}],"line":29},"3":{"loc":{"start":{"line":32,"column":2},"end":{"line":32,"column":27}},"type":"default-arg","locations":[{"start":{"line":32,"column":23},"end":{"line":32,"column":27}}],"line":32},"4":{"loc":{"start":{"line":35,"column":30},"end":{"line":35,"column":40}},"type":"binary-expr","locations":[{"start":{"line":35,"column":30},"end":{"line":35,"column":34}},{"start":{"line":35,"column":38},"end":{"line":35,"column":40}}],"line":35},"5":{"loc":{"start":{"line":39,"column":8},"end":{"line":43,"column":7}},"type":"binary-expr","locations":[{"start":{"line":39,"column":8},"end":{"line":39,"column":13}},{"start":{"line":40,"column":8},"end":{"line":42,"column":18}}],"line":39},"6":{"loc":{"start":{"line":41,"column":12},"end":{"line":41,"column":59}},"type":"cond-expr","locations":[{"start":{"line":41,"column":22},"end":{"line":41,"column":51}},{"start":{"line":41,"column":54},"end":{"line":41,"column":59}}],"line":41},"7":{"loc":{"start":{"line":45,"column":10},"end":{"line":60,"column":11}},"type":"cond-expr","locations":[{"start":{"line":46,"column":10},"end":{"line":46,"column":52}},{"start":{"line":47,"column":12},"end":{"line":60,"column":11}}],"line":45},"8":{"loc":{"start":{"line":47,"column":12},"end":{"line":60,"column":11}},"type":"cond-expr","locations":[{"start":{"line":49,"column":12},"end":{"line":49,"column":37}},{"start":{"line":51,"column":12},"end":{"line":59,"column":15}}],"line":47},"9":{"loc":{"start":{"line":48,"column":10},"end":{"line":48,"column":62}},"type":"binary-expr","locations":[{"start":{"line":48,"column":10},"end":{"line":48,"column":28}},{"start":{"line":48,"column":32},"end":{"line":48,"column":62}}],"line":48}},"s":{"0":0,"1":0,"2":0,"3":0,"4":0},"f":{"0":0,"1":0},"b":{"0":[0],"1":[0],"2":[0],"3":[0],"4":[0,0],"5":[0,0],"6":[0,0],"7":[0,0],"8":[0,0],"9":[0,0]}}
,"/Users/remyvanderwereld/git/wonen-ui/src/components/Data/DefinitionList/components/Definition.tsx": {"path":"/Users/remyvanderwereld/git/wonen-ui/src/components/Data/DefinitionList/components/Definition.tsx","statementMap":{"0":{"start":{"line":16,"column":12},"end":{"line":50,"column":1}},"1":{"start":{"line":20,"column":4},"end":{"line":24,"column":5}},"2":{"start":{"line":32,"column":4},"end":{"line":39,"column":5}},"3":{"start":{"line":52,"column":11},"end":{"line":62,"column":1}},"4":{"start":{"line":64,"column":11},"end":{"line":73,"column":1}},"5":{"start":{"line":75,"column":18},"end":{"line":79,"column":1}},"6":{"start":{"line":76,"column":2},"end":{"line":76,"column":31}},"7":{"start":{"line":76,"column":21},"end":{"line":76,"column":31}},"8":{"start":{"line":77,"column":2},"end":{"line":77,"column":52}},"9":{"start":{"line":77,"column":33},"end":{"line":77,"column":52}},"10":{"start":{"line":78,"column":2},"end":{"line":78,"column":14}},"11":{"start":{"line":81,"column":36},"end":{"line":86,"column":1}},"12":{"start":{"line":82,"column":2},"end":{"line":85,"column":8}}},"fnMap":{"0":{"name":"(anonymous_0)","decl":{"start":{"line":19,"column":5},"end":{"line":19,"column":6}},"loc":{"start":{"line":20,"column":4},"end":{"line":24,"column":5}},"line":20},"1":{"name":"(anonymous_1)","decl":{"start":{"line":31,"column":5},"end":{"line":31,"column":6}},"loc":{"start":{"line":32,"column":4},"end":{"line":39,"column":5}},"line":32},"2":{"name":"(anonymous_2)","decl":{"start":{"line":75,"column":18},"end":{"line":75,"column":19}},"loc":{"start":{"line":75,"column":46},"end":{"line":79,"column":1}},"line":75},"3":{"name":"(anonymous_3)","decl":{"start":{"line":81,"column":36},"end":{"line":81,"column":37}},"loc":{"start":{"line":82,"column":2},"end":{"line":85,"column":8}},"line":82}},"branchMap":{"0":{"loc":{"start":{"line":20,"column":4},"end":{"line":24,"column":5}},"type":"binary-expr","locations":[{"start":{"line":20,"column":4},"end":{"line":20,"column":22}},{"start":{"line":21,"column":4},"end":{"line":24,"column":5}}],"line":20},"1":{"loc":{"start":{"line":32,"column":4},"end":{"line":39,"column":5}},"type":"cond-expr","locations":[{"start":{"line":33,"column":4},"end":{"line":35,"column":5}},{"start":{"line":37,"column":4},"end":{"line":39,"column":5}}],"line":32},"2":{"loc":{"start":{"line":76,"column":2},"end":{"line":76,"column":31}},"type":"if","locations":[{"start":{"line":76,"column":2},"end":{"line":76,"column":31}},{"start":{},"end":{}}],"line":76},"3":{"loc":{"start":{"line":77,"column":2},"end":{"line":77,"column":52}},"type":"if","locations":[{"start":{"line":77,"column":2},"end":{"line":77,"column":52}},{"start":{},"end":{}}],"line":77}},"s":{"0":1,"1":2,"2":2,"3":1,"4":1,"5":1,"6":2,"7":0,"8":2,"9":0,"10":2,"11":1,"12":2},"f":{"0":2,"1":2,"2":2,"3":2},"b":{"0":[2,0],"1":[0,2],"2":[0,2],"3":[0,2]},"_coverageSchema":"1a1c01bbd47fc00a2c39e90264f33305004495a9","hash":"af7fc139232267599171e80c5807592adfd5852a"}
,"/Users/remyvanderwereld/git/wonen-ui/src/components/Data/List/List.tsx": {"path":"/Users/remyvanderwereld/git/wonen-ui/src/components/Data/List/List.tsx","statementMap":{"0":{"start":{"line":16,"column":11},"end":{"line":24,"column":1}},"1":{"start":{"line":26,"column":30},"end":{"line":47,"column":1}},"2":{"start":{"line":27,"column":2},"end":{"line":46,"column":5}},"3":{"start":{"line":42,"column":38},"end":{"line":42,"column":69}}},"fnMap":{"0":{"name":"(anonymous_0)","decl":{"start":{"line":26,"column":30},"end":{"line":26,"column":31}},"loc":{"start":{"line":27,"column":2},"end":{"line":46,"column":5}},"line":27},"1":{"name":"(anonymous_1)","decl":{"start":{"line":42,"column":21},"end":{"line":42,"column":22}},"loc":{"start":{"line":42,"column":38},"end":{"line":42,"column":69}},"line":42}},"branchMap":{"0":{"loc":{"start":{"line":26,"column":33},"end":{"line":26,"column":51}},"type":"default-arg","locations":[{"start":{"line":26,"column":50},"end":{"line":26,"column":51}}],"line":26},"1":{"loc":{"start":{"line":26,"column":69},"end":{"line":26,"column":87}},"type":"default-arg","locations":[{"start":{"line":26,"column":83},"end":{"line":26,"column":87}}],"line":26},"2":{"loc":{"start":{"line":28,"column":6},"end":{"line":32,"column":5}},"type":"binary-expr","locations":[{"start":{"line":28,"column":6},"end":{"line":28,"column":11}},{"start":{"line":29,"column":8},"end":{"line":31,"column":18}}],"line":28},"3":{"loc":{"start":{"line":30,"column":12},"end":{"line":30,"column":61}},"type":"cond-expr","locations":[{"start":{"line":30,"column":22},"end":{"line":30,"column":53}},{"start":{"line":30,"column":56},"end":{"line":30,"column":61}}],"line":30},"4":{"loc":{"start":{"line":33,"column":6},"end":{"line":39,"column":5}},"type":"binary-expr","locations":[{"start":{"line":33,"column":6},"end":{"line":33,"column":13}},{"start":{"line":33,"column":17},"end":{"line":33,"column":35}},{"start":{"line":34,"column":8},"end":{"line":38,"column":13}}],"line":33},"5":{"loc":{"start":{"line":40,"column":6},"end":{"line":44,"column":26}},"type":"cond-expr","locations":[{"start":{"line":41,"column":8},"end":{"line":43,"column":13}},{"start":{"line":44,"column":10},"end":{"line":44,"column":26}}],"line":40},"6":{"loc":{"start":{"line":40,"column":6},"end":{"line":40,"column":43}},"type":"binary-expr","locations":[{"start":{"line":40,"column":6},"end":{"line":40,"column":24}},{"start":{"line":40,"column":28},"end":{"line":40,"column":43}}],"line":40}},"s":{"0":0,"1":0,"2":0,"3":0},"f":{"0":0,"1":0},"b":{"0":[0],"1":[0],"2":[0,0],"3":[0,0],"4":[0,0,0],"5":[0,0],"6":[0,0]}}
,"/Users/remyvanderwereld/git/wonen-ui/src/components/Data/Table/Table.tsx": {"path":"/Users/remyvanderwereld/git/wonen-ui/src/components/Data/Table/Table.tsx","statementMap":{"0":{"start":{"line":16,"column":13},"end":{"line":18,"column":1}},"1":{"start":{"line":24,"column":34},"end":{"line":30,"column":1}},"2":{"start":{"line":28,"column":47},"end":{"line":28,"column":100}},"3":{"start":{"line":32,"column":20},"end":{"line":35,"column":1}},"4":{"start":{"line":41,"column":12},"end":{"line":52,"column":1}},"5":{"start":{"line":42,"column":26},"end":{"line":47,"column":3}},"6":{"start":{"line":54,"column":28},"end":{"line":56,"column":1}},"7":{"start":{"line":58,"column":26},"end":{"line":59,"column":67}},"8":{"start":{"line":59,"column":2},"end":{"line":59,"column":67}},"9":{"start":{"line":59,"column":31},"end":{"line":59,"column":66}},"10":{"start":{"line":59,"column":63},"end":{"line":59,"column":65}},"11":{"start":{"line":61,"column":14},"end":{"line":229,"column":1}},"12":{"start":{"line":73,"column":6},"end":{"line":73,"column":11}},"13":{"start":{"line":75,"column":18},"end":{"line":75,"column":43}},"14":{"start":{"line":77,"column":27},"end":{"line":79,"column":15}},"15":{"start":{"line":82,"column":27},"end":{"line":90,"column":3}},"16":{"start":{"line":83,"column":4},"end":{"line":89,"column":5}},"17":{"start":{"line":92,"column":66},"end":{"line":95,"column":3}},"18":{"start":{"line":97,"column":27},"end":{"line":102,"column":20}},"19":{"start":{"line":98,"column":4},"end":{"line":100,"column":5}},"20":{"start":{"line":99,"column":6},"end":{"line":99,"column":35}},"21":{"start":{"line":101,"column":4},"end":{"line":101,"column":15}},"22":{"start":{"line":104,"column":21},"end":{"line":109,"column":45}},"23":{"start":{"line":105,"column":4},"end":{"line":107,"column":5}},"24":{"start":{"line":106,"column":6},"end":{"line":106,"column":44}},"25":{"start":{"line":108,"column":4},"end":{"line":108,"column":27}},"26":{"start":{"line":112,"column":30},"end":{"line":114,"column":3}},"27":{"start":{"line":113,"column":4},"end":{"line":113,"column":128}},"28":{"start":{"line":117,"column":2},"end":{"line":121,"column":3}},"29":{"start":{"line":123,"column":29},"end":{"line":127,"column":3}},"30":{"start":{"line":129,"column":28},"end":{"line":133,"column":4}},"31":{"start":{"line":129,"column":35},"end":{"line":133,"column":3}},"32":{"start":{"line":136,"column":19},"end":{"line":161,"column":4}},"33":{"start":{"line":137,"column":4},"end":{"line":139,"column":5}},"34":{"start":{"line":138,"column":6},"end":{"line":138,"column":23}},"35":{"start":{"line":141,"column":71},"end":{"line":141,"column":87}},"36":{"start":{"line":144,"column":4},"end":{"line":154,"column":5}},"37":{"start":{"line":145,"column":6},"end":{"line":152,"column":7}},"38":{"start":{"line":146,"column":8},"end":{"line":150,"column":9}},"39":{"start":{"line":151,"column":8},"end":{"line":151,"column":71}},"40":{"start":{"line":153,"column":6},"end":{"line":153,"column":23}},"41":{"start":{"line":156,"column":4},"end":{"line":156,"column":67}},"42":{"start":{"line":164,"column":2},"end":{"line":228,"column":3}},"43":{"start":{"line":178,"column":14},"end":{"line":202,"column":20}},"44":{"start":{"line":180,"column":55},"end":{"line":180,"column":90}},"45":{"start":{"line":184,"column":31},"end":{"line":184,"column":88}},"46":{"start":{"line":185,"column":31},"end":{"line":185,"column":82}},"47":{"start":{"line":186,"column":18},"end":{"line":192,"column":19}},"48":{"start":{"line":187,"column":20},"end":{"line":191,"column":21}},"49":{"start":{"line":193,"column":18},"end":{"line":200,"column":19}},"50":{"start":{"line":205,"column":14},"end":{"line":214,"column":20}},"51":{"start":{"line":207,"column":18},"end":{"line":212,"column":29}}},"fnMap":{"0":{"name":"(anonymous_0)","decl":{"start":{"line":28,"column":21},"end":{"line":28,"column":22}},"loc":{"start":{"line":28,"column":47},"end":{"line":28,"column":100}},"line":28},"1":{"name":"(anonymous_1)","decl":{"start":{"line":42,"column":5},"end":{"line":42,"column":6}},"loc":{"start":{"line":42,"column":26},"end":{"line":47,"column":3}},"line":42},"2":{"name":"(anonymous_2)","decl":{"start":{"line":58,"column":26},"end":{"line":58,"column":27}},"loc":{"start":{"line":59,"column":2},"end":{"line":59,"column":67}},"line":59},"3":{"name":"(anonymous_3)","decl":{"start":{"line":59,"column":26},"end":{"line":59,"column":27}},"loc":{"start":{"line":59,"column":31},"end":{"line":59,"column":66}},"line":59},"4":{"name":"(anonymous_4)","decl":{"start":{"line":59,"column":58},"end":{"line":59,"column":59}},"loc":{"start":{"line":59,"column":63},"end":{"line":59,"column":65}},"line":59},"5":{"name":"(anonymous_5)","decl":{"start":{"line":61,"column":14},"end":{"line":61,"column":15}},"loc":{"start":{"line":61,"column":63},"end":{"line":229,"column":1}},"line":61},"6":{"name":"(anonymous_6)","decl":{"start":{"line":82,"column":27},"end":{"line":82,"column":28}},"loc":{"start":{"line":82,"column":52},"end":{"line":90,"column":3}},"line":82},"7":{"name":"(anonymous_7)","decl":{"start":{"line":97,"column":40},"end":{"line":97,"column":41}},"loc":{"start":{"line":97,"column":46},"end":{"line":102,"column":3}},"line":97},"8":{"name":"(anonymous_8)","decl":{"start":{"line":104,"column":34},"end":{"line":104,"column":35}},"loc":{"start":{"line":104,"column":40},"end":{"line":109,"column":3}},"line":104},"9":{"name":"(anonymous_9)","decl":{"start":{"line":112,"column":30},"end":{"line":112,"column":31}},"loc":{"start":{"line":112,"column":48},"end":{"line":114,"column":3}},"line":112},"10":{"name":"(anonymous_10)","decl":{"start":{"line":129,"column":28},"end":{"line":129,"column":29}},"loc":{"start":{"line":129,"column":35},"end":{"line":133,"column":3}},"line":129},"11":{"name":"(anonymous_11)","decl":{"start":{"line":136,"column":32},"end":{"line":136,"column":33}},"loc":{"start":{"line":136,"column":38},"end":{"line":157,"column":3}},"line":136},"12":{"name":"(anonymous_12)","decl":{"start":{"line":177,"column":39},"end":{"line":177,"column":40}},"loc":{"start":{"line":178,"column":14},"end":{"line":202,"column":20}},"line":178},"13":{"name":"(anonymous_13)","decl":{"start":{"line":180,"column":26},"end":{"line":180,"column":27}},"loc":{"start":{"line":180,"column":55},"end":{"line":180,"column":90}},"line":180},"14":{"name":"(anonymous_14)","decl":{"start":{"line":183,"column":29},"end":{"line":183,"column":30}},"loc":{"start":{"line":183,"column":48},"end":{"line":201,"column":17}},"line":183},"15":{"name":"(anonymous_15)","decl":{"start":{"line":204,"column":78},"end":{"line":204,"column":79}},"loc":{"start":{"line":205,"column":14},"end":{"line":214,"column":20}},"line":205},"16":{"name":"(anonymous_16)","decl":{"start":{"line":206,"column":25},"end":{"line":206,"column":26}},"loc":{"start":{"line":207,"column":18},"end":{"line":212,"column":29}},"line":207}},"branchMap":{"0":{"loc":{"start":{"line":28,"column":47},"end":{"line":28,"column":100}},"type":"cond-expr","locations":[{"start":{"line":28,"column":66},"end":{"line":28,"column":91}},{"start":{"line":28,"column":94},"end":{"line":28,"column":100}}],"line":28},"1":{"loc":{"start":{"line":42,"column":26},"end":{"line":47,"column":3}},"type":"binary-expr","locations":[{"start":{"line":42,"column":26},"end":{"line":42,"column":37}},{"start":{"line":42,"column":41},"end":{"line":47,"column":3}}],"line":42},"2":{"loc":{"start":{"line":64,"column":4},"end":{"line":64,"column":19}},"type":"default-arg","locations":[{"start":{"line":64,"column":14},"end":{"line":64,"column":19}}],"line":64},"3":{"loc":{"start":{"line":65,"column":4},"end":{"line":65,"column":22}},"type":"default-arg","locations":[{"start":{"line":65,"column":21},"end":{"line":65,"column":22}}],"line":65},"4":{"loc":{"start":{"line":67,"column":4},"end":{"line":67,"column":28}},"type":"default-arg","locations":[{"start":{"line":67,"column":24},"end":{"line":67,"column":28}}],"line":67},"5":{"loc":{"start":{"line":68,"column":4},"end":{"line":68,"column":25}},"type":"default-arg","locations":[{"start":{"line":68,"column":23},"end":{"line":68,"column":25}}],"line":68},"6":{"loc":{"start":{"line":70,"column":4},"end":{"line":70,"column":13}},"type":"default-arg","locations":[{"start":{"line":70,"column":11},"end":{"line":70,"column":13}}],"line":70},"7":{"loc":{"start":{"line":75,"column":19},"end":{"line":75,"column":36}},"type":"binary-expr","locations":[{"start":{"line":75,"column":19},"end":{"line":75,"column":31}},{"start":{"line":75,"column":35},"end":{"line":75,"column":36}}],"line":75},"8":{"loc":{"start":{"line":77,"column":27},"end":{"line":79,"column":15}},"type":"cond-expr","locations":[{"start":{"line":78,"column":6},"end":{"line":78,"column":42}},{"start":{"line":79,"column":6},"end":{"line":79,"column":15}}],"line":77},"9":{"loc":{"start":{"line":86,"column":19},"end":{"line":86,"column":103}},"type":"cond-expr","locations":[{"start":{"line":86,"column":53},"end":{"line":86,"column":91}},{"start":{"line":86,"column":94},"end":{"line":86,"column":103}}],"line":86},"10":{"loc":{"start":{"line":98,"column":4},"end":{"line":100,"column":5}},"type":"if","locations":[{"start":{"line":98,"column":4},"end":{"line":100,"column":5}},{"start":{},"end":{}}],"line":98},"11":{"loc":{"start":{"line":98,"column":8},"end":{"line":98,"column":60}},"type":"binary-expr","locations":[{"start":{"line":98,"column":8},"end":{"line":98,"column":28}},{"start":{"line":98,"column":32},"end":{"line":98,"column":60}}],"line":98},"12":{"loc":{"start":{"line":105,"column":4},"end":{"line":107,"column":5}},"type":"if","locations":[{"start":{"line":105,"column":4},"end":{"line":107,"column":5}},{"start":{},"end":{}}],"line":105},"13":{"loc":{"start":{"line":105,"column":8},"end":{"line":105,"column":74}},"type":"binary-expr","locations":[{"start":{"line":105,"column":8},"end":{"line":105,"column":38}},{"start":{"line":105,"column":42},"end":{"line":105,"column":74}}],"line":105},"14":{"loc":{"start":{"line":118,"column":4},"end":{"line":118,"column":123}},"type":"binary-expr","locations":[{"start":{"line":118,"column":4},"end":{"line":118,"column":24}},{"start":{"line":118,"column":28},"end":{"line":118,"column":58}},{"start":{"line":118,"column":63},"end":{"line":118,"column":97}},{"start":{"line":118,"column":101},"end":{"line":118,"column":123}}],"line":118},"15":{"loc":{"start":{"line":137,"column":4},"end":{"line":139,"column":5}},"type":"if","locations":[{"start":{"line":137,"column":4},"end":{"line":139,"column":5}},{"start":{},"end":{}}],"line":137},"16":{"loc":{"start":{"line":137,"column":8},"end":{"line":137,"column":58}},"type":"binary-expr","locations":[{"start":{"line":137,"column":8},"end":{"line":137,"column":28}},{"start":{"line":137,"column":32},"end":{"line":137,"column":58}}],"line":137},"17":{"loc":{"start":{"line":141,"column":12},"end":{"line":141,"column":20}},"type":"default-arg","locations":[{"start":{"line":141,"column":19},"end":{"line":141,"column":20}}],"line":141},"18":{"loc":{"start":{"line":141,"column":38},"end":{"line":141,"column":66}},"type":"default-arg","locations":[{"start":{"line":141,"column":49},"end":{"line":141,"column":66}}],"line":141},"19":{"loc":{"start":{"line":144,"column":4},"end":{"line":154,"column":5}},"type":"if","locations":[{"start":{"line":144,"column":4},"end":{"line":154,"column":5}},{"start":{},"end":{}}],"line":144},"20":{"loc":{"start":{"line":145,"column":6},"end":{"line":152,"column":7}},"type":"if","locations":[{"start":{"line":145,"column":6},"end":{"line":152,"column":7}},{"start":{},"end":{}}],"line":145},"21":{"loc":{"start":{"line":168,"column":11},"end":{"line":175,"column":11}},"type":"binary-expr","locations":[{"start":{"line":168,"column":12},"end":{"line":168,"column":29}},{"start":{"line":168,"column":33},"end":{"line":168,"column":41}},{"start":{"line":169,"column":12},"end":{"line":174,"column":14}}],"line":168},"22":{"loc":{"start":{"line":177,"column":13},"end":{"line":203,"column":14}},"type":"binary-expr","locations":[{"start":{"line":177,"column":13},"end":{"line":177,"column":21}},{"start":{"line":177,"column":25},"end":{"line":203,"column":14}}],"line":177},"23":{"loc":{"start":{"line":184,"column":31},"end":{"line":184,"column":88}},"type":"cond-expr","locations":[{"start":{"line":184,"column":50},"end":{"line":184,"column":81}},{"start":{"line":184,"column":84},"end":{"line":184,"column":88}}],"line":184},"24":{"loc":{"start":{"line":185,"column":31},"end":{"line":185,"column":82}},"type":"cond-expr","locations":[{"start":{"line":185,"column":47},"end":{"line":185,"column":75}},{"start":{"line":185,"column":78},"end":{"line":185,"column":82}}],"line":185},"25":{"loc":{"start":{"line":186,"column":18},"end":{"line":192,"column":19}},"type":"if","locations":[{"start":{"line":186,"column":18},"end":{"line":192,"column":19}},{"start":{},"end":{}}],"line":186},"26":{"loc":{"start":{"line":186,"column":22},"end":{"line":186,"column":69}},"type":"binary-expr","locations":[{"start":{"line":186,"column":22},"end":{"line":186,"column":37}},{"start":{"line":186,"column":41},"end":{"line":186,"column":69}}],"line":186},"27":{"loc":{"start":{"line":195,"column":23},"end":{"line":197,"column":30}},"type":"cond-expr","locations":[{"start":{"line":196,"column":26},"end":{"line":196,"column":84}},{"start":{"line":197,"column":26},"end":{"line":197,"column":30}}],"line":195},"28":{"loc":{"start":{"line":196,"column":58},"end":{"line":196,"column":79}},"type":"binary-expr","locations":[{"start":{"line":196,"column":58},"end":{"line":196,"column":73}},{"start":{"line":196,"column":77},"end":{"line":196,"column":79}}],"line":196},"29":{"loc":{"start":{"line":204,"column":13},"end":{"line":215,"column":14}},"type":"binary-expr","locations":[{"start":{"line":204,"column":13},"end":{"line":204,"column":20}},{"start":{"line":204,"column":24},"end":{"line":215,"column":14}}],"line":204},"30":{"loc":{"start":{"line":208,"column":20},"end":{"line":210,"column":111}},"type":"cond-expr","locations":[{"start":{"line":209,"column":22},"end":{"line":209,"column":148}},{"start":{"line":210,"column":22},"end":{"line":210,"column":111}}],"line":208},"31":{"loc":{"start":{"line":208,"column":20},"end":{"line":208,"column":63}},"type":"binary-expr","locations":[{"start":{"line":208,"column":20},"end":{"line":208,"column":35}},{"start":{"line":208,"column":39},"end":{"line":208,"column":63}}],"line":208},"32":{"loc":{"start":{"line":209,"column":97},"end":{"line":209,"column":126}},"type":"binary-expr","locations":[{"start":{"line":209,"column":97},"end":{"line":209,"column":120}},{"start":{"line":209,"column":124},"end":{"line":209,"column":126}}],"line":209},"33":{"loc":{"start":{"line":210,"column":65},"end":{"line":210,"column":94}},"type":"binary-expr","locations":[{"start":{"line":210,"column":65},"end":{"line":210,"column":88}},{"start":{"line":210,"column":92},"end":{"line":210,"column":94}}],"line":210},"34":{"loc":{"start":{"line":216,"column":13},"end":{"line":222,"column":13}},"type":"binary-expr","locations":[{"start":{"line":216,"column":13},"end":{"line":216,"column":21}},{"start":{"line":216,"column":25},"end":{"line":216,"column":32}},{"start":{"line":217,"column":14},"end":{"line":221,"column":19}}],"line":216},"35":{"loc":{"start":{"line":226,"column":7},"end":{"line":226,"column":86}},"type":"binary-expr","locations":[{"start":{"line":226,"column":7},"end":{"line":226,"column":27}},{"start":{"line":226,"column":31},"end":{"line":226,"column":39}},{"start":{"line":226,"column":43},"end":{"line":226,"column":86}}],"line":226}},"s":{"0":0,"1":0,"2":0,"3":0,"4":0,"5":0,"6":0,"7":0,"8":0,"9":0,"10":0,"11":0,"12":0,"13":0,"14":0,"15":0,"16":0,"17":0,"18":0,"19":0,"20":0,"21":0,"22":0,"23":0,"24":0,"25":0,"26":0,"27":0,"28":0,"29":0,"30":0,"31":0,"32":0,"33":0,"34":0,"35":0,"36":0,"37":0,"38":0,"39":0,"40":0,"41":0,"42":0,"43":0,"44":0,"45":0,"46":0,"47":0,"48":0,"49":0,"50":0,"51":0},"f":{"0":0,"1":0,"2":0,"3":0,"4":0,"5":0,"6":0,"7":0,"8":0,"9":0,"10":0,"11":0,"12":0,"13":0,"14":0,"15":0,"16":0},"b":{"0":[0,0],"1":[0,0],"2":[0],"3":[0],"4":[0],"5":[0],"6":[0],"7":[0,0],"8":[0,0],"9":[0,0],"10":[0,0],"11":[0,0],"12":[0,0],"13":[0,0],"14":[0,0,0,0],"15":[0,0],"16":[0,0],"17":[0],"18":[0],"19":[0,0],"20":[0,0],"21":[0,0,0],"22":[0,0],"23":[0,0],"24":[0,0],"25":[0,0],"26":[0,0],"27":[0,0],"28":[0,0],"29":[0,0],"30":[0,0],"31":[0,0],"32":[0,0],"33":[0,0],"34":[0,0,0],"35":[0,0,0]}}
,"/Users/remyvanderwereld/git/wonen-ui/src/components/Data/Table/types.ts": {"path":"/Users/remyvanderwereld/git/wonen-ui/src/components/Data/Table/types.ts","statementMap":{"0":{"start":{"line":11,"column":22},"end":{"line":11,"column":30}},"1":{"start":{"line":12,"column":23},"end":{"line":12,"column":32}}},"fnMap":{},"branchMap":{},"s":{"0":0,"1":0},"f":{},"b":{}}
,"/Users/remyvanderwereld/git/wonen-ui/src/components/Data/Table/components/ButtonLink/ButtonLink.tsx": {"path":"/Users/remyvanderwereld/git/wonen-ui/src/components/Data/Table/components/ButtonLink/ButtonLink.tsx","statementMap":{},"fnMap":{},"branchMap":{},"s":{},"f":{},"b":{}}
,"/Users/remyvanderwereld/git/wonen-ui/src/components/Data/Table/components/TableCell/FixedTableCell.tsx": {"path":"/Users/remyvanderwereld/git/wonen-ui/src/components/Data/Table/components/TableCell/FixedTableCell.tsx","statementMap":{"0":{"start":{"line":14,"column":27},"end":{"line":14,"column":29}},"1":{"start":{"line":16,"column":17},"end":{"line":31,"column":1}},"2":{"start":{"line":27,"column":25},"end":{"line":27,"column":51}},"3":{"start":{"line":30,"column":24},"end":{"line":30,"column":48}},"4":{"start":{"line":45,"column":40},"end":{"line":54,"column":1}},"5":{"start":{"line":47,"column":24},"end":{"line":47,"column":106}},"6":{"start":{"line":47,"column":73},"end":{"line":47,"column":105}},"7":{"start":{"line":49,"column":21},"end":{"line":49,"column":44}},"8":{"start":{"line":51,"column":2},"end":{"line":53,"column":13}}},"fnMap":{"0":{"name":"(anonymous_0)","decl":{"start":{"line":27,"column":14},"end":{"line":27,"column":15}},"loc":{"start":{"line":27,"column":25},"end":{"line":27,"column":51}},"line":27},"1":{"name":"(anonymous_1)","decl":{"start":{"line":30,"column":13},"end":{"line":30,"column":14}},"loc":{"start":{"line":30,"column":24},"end":{"line":30,"column":48}},"line":30},"2":{"name":"(anonymous_2)","decl":{"start":{"line":45,"column":40},"end":{"line":45,"column":41}},"loc":{"start":{"line":45,"column":65},"end":{"line":54,"column":1}},"line":45},"3":{"name":"(anonymous_3)","decl":{"start":{"line":47,"column":65},"end":{"line":47,"column":66}},"loc":{"start":{"line":47,"column":73},"end":{"line":47,"column":105}},"line":47}},"branchMap":{"0":{"loc":{"start":{"line":27,"column":29},"end":{"line":27,"column":45}},"type":"binary-expr","locations":[{"start":{"line":27,"column":29},"end":{"line":27,"column":30}},{"start":{"line":27,"column":34},"end":{"line":27,"column":45}}],"line":27},"1":{"loc":{"start":{"line":30,"column":24},"end":{"line":30,"column":48}},"type":"cond-expr","locations":[{"start":{"line":30,"column":28},"end":{"line":30,"column":39}},{"start":{"line":30,"column":42},"end":{"line":30,"column":48}}],"line":30},"2":{"loc":{"start":{"line":47,"column":73},"end":{"line":47,"column":105}},"type":"binary-expr","locations":[{"start":{"line":47,"column":73},"end":{"line":47,"column":92}},{"start":{"line":47,"column":96},"end":{"line":47,"column":105}}],"line":47}},"s":{"0":0,"1":0,"2":0,"3":0,"4":0,"5":0,"6":0,"7":0,"8":0},"f":{"0":0,"1":0,"2":0,"3":0},"b":{"0":[0,0],"1":[0,0],"2":[0,0]}}
,"/Users/remyvanderwereld/git/wonen-ui/src/components/Data/Table/components/TableCell/TableCell.tsx": {"path":"/Users/remyvanderwereld/git/wonen-ui/src/components/Data/Table/components/TableCell/TableCell.tsx","statementMap":{"0":{"start":{"line":4,"column":18},"end":{"line":7,"column":1}}},"fnMap":{},"branchMap":{},"s":{"0":0},"f":{},"b":{}}
,"/Users/remyvanderwereld/git/wonen-ui/src/components/Data/Table/components/TableHeader/Sorter.tsx": {"path":"/Users/remyvanderwereld/git/wonen-ui/src/components/Data/Table/components/TableHeader/Sorter.tsx","statementMap":{"0":{"start":{"line":23,"column":20},"end":{"line":57,"column":1}},"1":{"start":{"line":26,"column":25},"end":{"line":33,"column":8}},"2":{"start":{"line":36,"column":38},"end":{"line":38,"column":7}},"3":{"start":{"line":59,"column":19},"end":{"line":63,"column":1}},"4":{"start":{"line":61,"column":37},"end":{"line":61,"column":70}},"5":{"start":{"line":65,"column":32},"end":{"line":81,"column":1}},"6":{"start":{"line":66,"column":21},"end":{"line":66,"column":45}},"7":{"start":{"line":68,"column":16},"end":{"line":68,"column":86}},"8":{"start":{"line":70,"column":24},"end":{"line":73,"column":3}},"9":{"start":{"line":71,"column":21},"end":{"line":71,"column":79}},"10":{"start":{"line":72,"column":4},"end":{"line":72,"column":54}},"11":{"start":{"line":75,"column":2},"end":{"line":80,"column":3}}},"fnMap":{"0":{"name":"(anonymous_0)","decl":{"start":{"line":26,"column":5},"end":{"line":26,"column":6}},"loc":{"start":{"line":26,"column":25},"end":{"line":33,"column":8}},"line":26},"1":{"name":"(anonymous_1)","decl":{"start":{"line":36,"column":7},"end":{"line":36,"column":8}},"loc":{"start":{"line":36,"column":38},"end":{"line":38,"column":7}},"line":36},"2":{"name":"(anonymous_2)","decl":{"start":{"line":61,"column":17},"end":{"line":61,"column":18}},"loc":{"start":{"line":61,"column":37},"end":{"line":61,"column":70}},"line":61},"3":{"name":"(anonymous_3)","decl":{"start":{"line":65,"column":32},"end":{"line":65,"column":33}},"loc":{"start":{"line":65,"column":81},"end":{"line":81,"column":1}},"line":65},"4":{"name":"(anonymous_4)","decl":{"start":{"line":70,"column":24},"end":{"line":70,"column":25}},"loc":{"start":{"line":70,"column":30},"end":{"line":73,"column":3}},"line":70}},"branchMap":{"0":{"loc":{"start":{"line":26,"column":25},"end":{"line":33,"column":8}},"type":"cond-expr","locations":[{"start":{"line":27,"column":6},"end":{"line":32,"column":6}},{"start":{"line":33,"column":6},"end":{"line":33,"column":8}}],"line":26},"1":{"loc":{"start":{"line":36,"column":38},"end":{"line":38,"column":7}},"type":"binary-expr","locations":[{"start":{"line":36,"column":38},"end":{"line":36,"column":48}},{"start":{"line":37,"column":6},"end":{"line":37,"column":88}}],"line":36},"2":{"loc":{"start":{"line":37,"column":21},"end":{"line":37,"column":71}},"type":"cond-expr","locations":[{"start":{"line":37,"column":47},"end":{"line":37,"column":60}},{"start":{"line":37,"column":63},"end":{"line":37,"column":71}}],"line":37},"3":{"loc":{"start":{"line":61,"column":37},"end":{"line":61,"column":70}},"type":"cond-expr","locations":[{"start":{"line":61,"column":50},"end":{"line":61,"column":59}},{"start":{"line":61,"column":62},"end":{"line":61,"column":70}}],"line":61},"4":{"loc":{"start":{"line":68,"column":16},"end":{"line":68,"column":86}},"type":"cond-expr","locations":[{"start":{"line":68,"column":59},"end":{"line":68,"column":72}},{"start":{"line":68,"column":75},"end":{"line":68,"column":86}}],"line":68},"5":{"loc":{"start":{"line":68,"column":16},"end":{"line":68,"column":56}},"type":"binary-expr","locations":[{"start":{"line":68,"column":16},"end":{"line":68,"column":26}},{"start":{"line":68,"column":30},"end":{"line":68,"column":56}}],"line":68},"6":{"loc":{"start":{"line":71,"column":21},"end":{"line":71,"column":79}},"type":"cond-expr","locations":[{"start":{"line":71,"column":63},"end":{"line":71,"column":70}},{"start":{"line":71,"column":73},"end":{"line":71,"column":79}}],"line":71},"7":{"loc":{"start":{"line":71,"column":21},"end":{"line":71,"column":60}},"type":"binary-expr","locations":[{"start":{"line":71,"column":21},"end":{"line":71,"column":31}},{"start":{"line":71,"column":35},"end":{"line":71,"column":60}}],"line":71},"8":{"loc":{"start":{"line":76,"column":55},"end":{"line":76,"column":79}},"type":"binary-expr","locations":[{"start":{"line":76,"column":55},"end":{"line":76,"column":69}},{"start":{"line":76,"column":73},"end":{"line":76,"column":79}}],"line":76},"9":{"loc":{"start":{"line":77,"column":8},"end":{"line":77,"column":29}},"type":"binary-expr","locations":[{"start":{"line":77,"column":8},"end":{"line":77,"column":14}},{"start":{"line":77,"column":18},"end":{"line":77,"column":29}}],"line":77}},"s":{"0":0,"1":0,"2":0,"3":0,"4":0,"5":0,"6":0,"7":0,"8":0,"9":0,"10":0,"11":0},"f":{"0":0,"1":0,"2":0,"3":0,"4":0},"b":{"0":[0,0],"1":[0,0],"2":[0,0],"3":[0,0],"4":[0,0],"5":[0,0],"6":[0,0],"7":[0,0],"8":[0,0],"9":[0,0]}}
,"/Users/remyvanderwereld/git/wonen-ui/src/components/Data/Table/components/TableHeader/StyledHeader.tsx": {"path":"/Users/remyvanderwereld/git/wonen-ui/src/components/Data/Table/components/TableHeader/StyledHeader.tsx","statementMap":{"0":{"start":{"line":15,"column":26},"end":{"line":36,"column":1}},"1":{"start":{"line":19,"column":34},"end":{"line":19,"column":71}},"2":{"start":{"line":20,"column":23},"end":{"line":20,"column":46}},"3":{"start":{"line":22,"column":24},"end":{"line":22,"column":48}},"4":{"start":{"line":24,"column":32},"end":{"line":34,"column":3}},"5":{"start":{"line":53,"column":39},"end":{"line":70,"column":1}},"6":{"start":{"line":55,"column":24},"end":{"line":55,"column":106}},"7":{"start":{"line":55,"column":73},"end":{"line":55,"column":105}},"8":{"start":{"line":57,"column":21},"end":{"line":57,"column":44}},"9":{"start":{"line":59,"column":2},"end":{"line":69,"column":3}}},"fnMap":{"0":{"name":"(anonymous_0)","decl":{"start":{"line":19,"column":16},"end":{"line":19,"column":17}},"loc":{"start":{"line":19,"column":34},"end":{"line":19,"column":71}},"line":19},"1":{"name":"(anonymous_1)","decl":{"start":{"line":20,"column":12},"end":{"line":20,"column":13}},"loc":{"start":{"line":20,"column":23},"end":{"line":20,"column":46}},"line":20},"2":{"name":"(anonymous_2)","decl":{"start":{"line":22,"column":13},"end":{"line":22,"column":14}},"loc":{"start":{"line":22,"column":24},"end":{"line":22,"column":48}},"line":22},"3":{"name":"(anonymous_3)","decl":{"start":{"line":24,"column":5},"end":{"line":24,"column":6}},"loc":{"start":{"line":24,"column":32},"end":{"line":34,"column":3}},"line":24},"4":{"name":"(anonymous_4)","decl":{"start":{"line":53,"column":39},"end":{"line":53,"column":40}},"loc":{"start":{"line":53,"column":83},"end":{"line":70,"column":1}},"line":53},"5":{"name":"(anonymous_5)","decl":{"start":{"line":55,"column":65},"end":{"line":55,"column":66}},"loc":{"start":{"line":55,"column":73},"end":{"line":55,"column":105}},"line":55}},"branchMap":{"0":{"loc":{"start":{"line":19,"column":34},"end":{"line":19,"column":71}},"type":"cond-expr","locations":[{"start":{"line":19,"column":45},"end":{"line":19,"column":62}},{"start":{"line":19,"column":65},"end":{"line":19,"column":71}}],"line":19},"1":{"loc":{"start":{"line":20,"column":23},"end":{"line":20,"column":46}},"type":"cond-expr","locations":[{"start":{"line":20,"column":27},"end":{"line":20,"column":37}},{"start":{"line":20,"column":40},"end":{"line":20,"column":46}}],"line":20},"2":{"loc":{"start":{"line":22,"column":24},"end":{"line":22,"column":48}},"type":"cond-expr","locations":[{"start":{"line":22,"column":28},"end":{"line":22,"column":39}},{"start":{"line":22,"column":42},"end":{"line":22,"column":48}}],"line":22},"3":{"loc":{"start":{"line":24,"column":32},"end":{"line":34,"column":3}},"type":"binary-expr","locations":[{"start":{"line":24,"column":32},"end":{"line":24,"column":39}},{"start":{"line":24,"column":43},"end":{"line":34,"column":3}}],"line":24},"4":{"loc":{"start":{"line":27,"column":16},"end":{"line":27,"column":53}},"type":"cond-expr","locations":[{"start":{"line":27,"column":27},"end":{"line":27,"column":44}},{"start":{"line":27,"column":47},"end":{"line":27,"column":53}}],"line":27},"5":{"loc":{"start":{"line":55,"column":73},"end":{"line":55,"column":105}},"type":"binary-expr","locations":[{"start":{"line":55,"column":73},"end":{"line":55,"column":92}},{"start":{"line":55,"column":96},"end":{"line":55,"column":105}}],"line":55}},"s":{"0":0,"1":0,"2":0,"3":0,"4":0,"5":0,"6":0,"7":0,"8":0,"9":0},"f":{"0":0,"1":0,"2":0,"3":0,"4":0,"5":0},"b":{"0":[0,0],"1":[0,0],"2":[0,0],"3":[0,0],"4":[0,0],"5":[0,0]}}
,"/Users/remyvanderwereld/git/wonen-ui/src/components/Data/Table/components/TableHeader/TableHeader.tsx": {"path":"/Users/remyvanderwereld/git/wonen-ui/src/components/Data/Table/components/TableHeader/TableHeader.tsx","statementMap":{"0":{"start":{"line":14,"column":37},"end":{"line":33,"column":1}},"1":{"start":{"line":15,"column":2},"end":{"line":32,"column":10}},"2":{"start":{"line":18,"column":8},"end":{"line":29,"column":23}}},"fnMap":{"0":{"name":"(anonymous_0)","decl":{"start":{"line":14,"column":37},"end":{"line":14,"column":38}},"loc":{"start":{"line":15,"column":2},"end":{"line":32,"column":10}},"line":15},"1":{"name":"(anonymous_1)","decl":{"start":{"line":17,"column":20},"end":{"line":17,"column":21}},"loc":{"start":{"line":18,"column":8},"end":{"line":29,"column":23}},"line":18}},"branchMap":{"0":{"loc":{"start":{"line":21,"column":20},"end":{"line":21,"column":67}},"type":"binary-expr","locations":[{"start":{"line":21,"column":20},"end":{"line":21,"column":35}},{"start":{"line":21,"column":39},"end":{"line":21,"column":67}}],"line":21},"1":{"loc":{"start":{"line":23,"column":12},"end":{"line":27,"column":13}},"type":"cond-expr","locations":[{"start":{"line":24,"column":14},"end":{"line":24,"column":114}},{"start":{"line":26,"column":14},"end":{"line":26,"column":71}}],"line":23},"2":{"loc":{"start":{"line":26,"column":14},"end":{"line":26,"column":71}},"type":"binary-expr","locations":[{"start":{"line":26,"column":14},"end":{"line":26,"column":20}},{"start":{"line":26,"column":24},"end":{"line":26,"column":71}}],"line":26}},"s":{"0":0,"1":0,"2":0},"f":{"0":0,"1":0},"b":{"0":[0,0],"1":[0,0],"2":[0,0]}}
,"/Users/remyvanderwereld/git/wonen-ui/src/components/Data/Table/components/TablePagination/TablePagination.tsx": {"path":"/Users/remyvanderwereld/git/wonen-ui/src/components/Data/Table/components/TablePagination/TablePagination.tsx","statementMap":{"0":{"start":{"line":6,"column":25},"end":{"line":10,"column":1}},"1":{"start":{"line":12,"column":50},"end":{"line":22,"column":1}},"2":{"start":{"line":15,"column":2},"end":{"line":21,"column":4}}},"fnMap":{"0":{"name":"(anonymous_0)","decl":{"start":{"line":12,"column":50},"end":{"line":12,"column":51}},"loc":{"start":{"line":15,"column":2},"end":{"line":21,"column":4}},"line":15}},"branchMap":{"0":{"loc":{"start":{"line":13,"column":2},"end":{"line":13,"column":10}},"type":"default-arg","locations":[{"start":{"line":13,"column":9},"end":{"line":13,"column":10}}],"line":13},"1":{"loc":{"start":{"line":13,"column":12},"end":{"line":13,"column":25}},"type":"default-arg","locations":[{"start":{"line":13,"column":23},"end":{"line":13,"column":25}}],"line":13},"2":{"loc":{"start":{"line":13,"column":27},"end":{"line":13,"column":46}},"type":"default-arg","locations":[{"start":{"line":13,"column":44},"end":{"line":13,"column":46}}],"line":13}},"s":{"0":0,"1":0,"2":0},"f":{"0":0},"b":{"0":[0],"1":[0],"2":[0]}}
,"/Users/remyvanderwereld/git/wonen-ui/src/components/Data/Table/hooks/usePagination.ts": {"path":"/Users/remyvanderwereld/git/wonen-ui/src/components/Data/Table/hooks/usePagination.ts","statementMap":{"0":{"start":{"line":4,"column":33},"end":{"line":4,"column":35}},"1":{"start":{"line":6,"column":22},"end":{"line":19,"column":1}},"2":{"start":{"line":7,"column":20},"end":{"line":7,"column":27}},"3":{"start":{"line":8,"column":2},"end":{"line":17,"column":4}},"4":{"start":{"line":9,"column":4},"end":{"line":16,"column":5}},"5":{"start":{"line":10,"column":6},"end":{"line":15,"column":8}},"6":{"start":{"line":11,"column":20},"end":{"line":11,"column":37}},"7":{"start":{"line":12,"column":8},"end":{"line":14,"column":9}},"8":{"start":{"line":13,"column":10},"end":{"line":13,"column":36}},"9":{"start":{"line":18,"column":2},"end":{"line":18,"column":15}},"10":{"start":{"line":21,"column":22},"end":{"line":84,"column":1}},"11":{"start":{"line":28,"column":6},"end":{"line":28,"column":68}},"12":{"start":{"line":30,"column":48},"end":{"line":36,"column":4}},"13":{"start":{"line":39,"column":27},"end":{"line":45,"column":3}},"14":{"start":{"line":59,"column":28},"end":{"line":64,"column":3}},"15":{"start":{"line":60,"column":4},"end":{"line":63,"column":6}},"16":{"start":{"line":66,"column":59},"end":{"line":72,"column":3}},"17":{"start":{"line":67,"column":4},"end":{"line":69,"column":5}},"18":{"start":{"line":68,"column":6},"end":{"line":68,"column":37}},"19":{"start":{"line":70,"column":4},"end":{"line":70,"column":27}},"20":{"start":{"line":71,"column":4},"end":{"line":71,"column":22}},"21":{"start":{"line":74,"column":2},"end":{"line":76,"column":3}},"22":{"start":{"line":75,"column":4},"end":{"line":75,"column":15}},"23":{"start":{"line":78,"column":2},"end":{"line":83,"column":3}}},"fnMap":{"0":{"name":"(anonymous_0)","decl":{"start":{"line":6,"column":22},"end":{"line":6,"column":23}},"loc":{"start":{"line":6,"column":58},"end":{"line":19,"column":1}},"line":6},"1":{"name":"(anonymous_1)","decl":{"start":{"line":8,"column":15},"end":{"line":8,"column":16}},"loc":{"start":{"line":8,"column":22},"end":{"line":17,"column":3}},"line":8},"2":{"name":"(anonymous_2)","decl":{"start":{"line":10,"column":31},"end":{"line":10,"column":32}},"loc":{"start":{"line":10,"column":38},"end":{"line":15,"column":7}},"line":10},"3":{"name":"(anonymous_3)","decl":{"start":{"line":21,"column":22},"end":{"line":21,"column":23}},"loc":{"start":{"line":25,"column":23},"end":{"line":84,"column":1}},"line":25},"4":{"name":"(anonymous_4)","decl":{"start":{"line":59,"column":28},"end":{"line":59,"column":29}},"loc":{"start":{"line":59,"column":47},"end":{"line":64,"column":3}},"line":59},"5":{"name":"(anonymous_5)","decl":{"start":{"line":66,"column":59},"end":{"line":66,"column":60}},"loc":{"start":{"line":66,"column":77},"end":{"line":72,"column":3}},"line":66}},"branchMap":{"0":{"loc":{"start":{"line":9,"column":4},"end":{"line":16,"column":5}},"type":"if","locations":[{"start":{"line":9,"column":4},"end":{"line":16,"column":5}},{"start":{},"end":{}}],"line":9},"1":{"loc":{"start":{"line":12,"column":8},"end":{"line":14,"column":9}},"type":"if","locations":[{"start":{"line":12,"column":8},"end":{"line":14,"column":9}},{"start":{},"end":{}}],"line":12},"2":{"loc":{"start":{"line":27,"column":26},"end":{"line":27,"column":45}},"type":"default-arg","locations":[{"start":{"line":27,"column":44},"end":{"line":27,"column":45}}],"line":27},"3":{"loc":{"start":{"line":28,"column":6},"end":{"line":28,"column":68}},"type":"cond-expr","locations":[{"start":{"line":28,"column":53},"end":{"line":28,"column":63}},{"start":{"line":28,"column":66},"end":{"line":28,"column":68}}],"line":28},"4":{"loc":{"start":{"line":28,"column":6},"end":{"line":28,"column":50}},"type":"binary-expr","locations":[{"start":{"line":28,"column":6},"end":{"line":28,"column":16}},{"start":{"line":28,"column":20},"end":{"line":28,"column":50}}],"line":28},"5":{"loc":{"start":{"line":43,"column":22},"end":{"line":43,"column":76}},"type":"cond-expr","locations":[{"start":{"line":43,"column":44},"end":{"line":43,"column":59}},{"start":{"line":43,"column":62},"end":{"line":43,"column":76}}],"line":43},"6":{"loc":{"start":{"line":61,"column":12},"end":{"line":61,"column":21}},"type":"binary-expr","locations":[{"start":{"line":61,"column":12},"end":{"line":61,"column":16}},{"start":{"line":61,"column":20},"end":{"line":61,"column":21}}],"line":61},"7":{"loc":{"start":{"line":67,"column":4},"end":{"line":69,"column":5}},"type":"if","locations":[{"start":{"line":67,"column":4},"end":{"line":69,"column":5}},{"start":{},"end":{}}],"line":67},"8":{"loc":{"start":{"line":74,"column":2},"end":{"line":76,"column":3}},"type":"if","locations":[{"start":{"line":74,"column":2},"end":{"line":76,"column":3}},{"start":{},"end":{}}],"line":74}},"s":{"0":0,"1":0,"2":0,"3":0,"4":0,"5":0,"6":0,"7":0,"8":0,"9":0,"10":0,"11":0,"12":0,"13":0,"14":0,"15":0,"16":0,"17":0,"18":0,"19":0,"20":0,"21":0,"22":0,"23":0},"f":{"0":0,"1":0,"2":0,"3":0,"4":0,"5":0},"b":{"0":[0,0],"1":[0,0],"2":[0],"3":[0,0],"4":[0,0],"5":[0,0],"6":[0,0],"7":[0,0],"8":[0,0]}}
,"/Users/remyvanderwereld/git/wonen-ui/src/components/Data/Table/hooks/useSorter.ts": {"path":"/Users/remyvanderwereld/git/wonen-ui/src/components/Data/Table/hooks/useSorter.ts","statementMap":{"0":{"start":{"line":4,"column":18},"end":{"line":42,"column":1}},"1":{"start":{"line":14,"column":30},"end":{"line":14,"column":134}},"2":{"start":{"line":14,"column":74},"end":{"line":14,"column":133}},"3":{"start":{"line":15,"column":25},"end":{"line":15,"column":149}},"4":{"start":{"line":17,"column":32},"end":{"line":17,"column":77}},"5":{"start":{"line":19,"column":25},"end":{"line":19,"column":108}},"6":{"start":{"line":19,"column":62},"end":{"line":19,"column":107}},"7":{"start":{"line":20,"column":23},"end":{"line":20,"column":125}},"8":{"start":{"line":22,"column":24},"end":{"line":22,"column":47}},"9":{"start":{"line":24,"column":17},"end":{"line":24,"column":81}},"10":{"start":{"line":26,"column":26},"end":{"line":29,"column":3}},"11":{"start":{"line":27,"column":4},"end":{"line":27,"column":26}},"12":{"start":{"line":28,"column":4},"end":{"line":28,"column":32}},"13":{"start":{"line":31,"column":24},"end":{"line":34,"column":4}},"14":{"start":{"line":31,"column":31},"end":{"line":34,"column":3}},"15":{"start":{"line":36,"column":2},"end":{"line":41,"column":3}}},"fnMap":{"0":{"name":"(anonymous_0)","decl":{"start":{"line":4,"column":18},"end":{"line":4,"column":19}},"loc":{"start":{"line":12,"column":5},"end":{"line":42,"column":1}},"line":12},"1":{"name":"(anonymous_1)","decl":{"start":{"line":14,"column":48},"end":{"line":14,"column":49}},"loc":{"start":{"line":14,"column":74},"end":{"line":14,"column":133}},"line":14},"2":{"name":"(anonymous_2)","decl":{"start":{"line":19,"column":43},"end":{"line":19,"column":44}},"loc":{"start":{"line":19,"column":62},"end":{"line":19,"column":107}},"line":19},"3":{"name":"(anonymous_3)","decl":{"start":{"line":26,"column":26},"end":{"line":26,"column":27}},"loc":{"start":{"line":26,"column":51},"end":{"line":29,"column":3}},"line":26},"4":{"name":"(anonymous_4)","decl":{"start":{"line":31,"column":24},"end":{"line":31,"column":25}},"loc":{"start":{"line":31,"column":31},"end":{"line":34,"column":3}},"line":31}},"branchMap":{"0":{"loc":{"start":{"line":14,"column":74},"end":{"line":14,"column":133}},"type":"binary-expr","locations":[{"start":{"line":14,"column":74},"end":{"line":14,"column":101}},{"start":{"line":14,"column":105},"end":{"line":14,"column":133}}],"line":14},"1":{"loc":{"start":{"line":15,"column":25},"end":{"line":15,"column":149}},"type":"cond-expr","locations":[{"start":{"line":15,"column":52},"end":{"line":15,"column":137}},{"start":{"line":15,"column":140},"end":{"line":15,"column":149}}],"line":15},"2":{"loc":{"start":{"line":19,"column":62},"end":{"line":19,"column":107}},"type":"binary-expr","locations":[{"start":{"line":19,"column":62},"end":{"line":19,"column":82}},{"start":{"line":19,"column":86},"end":{"line":19,"column":107}}],"line":19},"3":{"loc":{"start":{"line":20,"column":23},"end":{"line":20,"column":125}},"type":"cond-expr","locations":[{"start":{"line":20,"column":45},"end":{"line":20,"column":113}},{"start":{"line":20,"column":116},"end":{"line":20,"column":125}}],"line":20},"4":{"loc":{"start":{"line":22,"column":24},"end":{"line":22,"column":47}},"type":"binary-expr","locations":[{"start":{"line":22,"column":24},"end":{"line":22,"column":36}},{"start":{"line":22,"column":40},"end":{"line":22,"column":47}}],"line":22},"5":{"loc":{"start":{"line":24,"column":17},"end":{"line":24,"column":81}},"type":"cond-expr","locations":[{"start":{"line":24,"column":33},"end":{"line":24,"column":69}},{"start":{"line":24,"column":72},"end":{"line":24,"column":81}}],"line":24},"6":{"loc":{"start":{"line":32,"column":15},"end":{"line":32,"column":105}},"type":"cond-expr","locations":[{"start":{"line":32,"column":52},"end":{"line":32,"column":93}},{"start":{"line":32,"column":96},"end":{"line":32,"column":105}}],"line":32}},"s":{"0":0,"1":0,"2":0,"3":0,"4":0,"5":0,"6":0,"7":0,"8":0,"9":0,"10":0,"11":0,"12":0,"13":0,"14":0,"15":0},"f":{"0":0,"1":0,"2":0,"3":0,"4":0},"b":{"0":[0,0],"1":[0,0],"2":[0,0],"3":[0,0],"4":[0,0],"5":[0,0],"6":[0,0]}}
,"/Users/remyvanderwereld/git/wonen-ui/src/components/Data/components/LoadingRows.tsx": {"path":"/Users/remyvanderwereld/git/wonen-ui/src/components/Data/components/LoadingRows.tsx","statementMap":{"0":{"start":{"line":10,"column":37},"end":{"line":13,"column":19}},"1":{"start":{"line":11,"column":2},"end":{"line":13,"column":19}}},"fnMap":{"0":{"name":"(anonymous_0)","decl":{"start":{"line":10,"column":37},"end":{"line":10,"column":38}},"loc":{"start":{"line":11,"column":2},"end":{"line":13,"column":19}},"line":11}},"branchMap":{},"s":{"0":0,"1":0},"f":{"0":0},"b":{}}
,"/Users/remyvanderwereld/git/wonen-ui/src/components/Data/components/RepeatChildren.tsx": {"path":"/Users/remyvanderwereld/git/wonen-ui/src/components/Data/components/RepeatChildren.tsx","statementMap":{"0":{"start":{"line":7,"column":40},"end":{"line":12,"column":5}},"1":{"start":{"line":8,"column":2},"end":{"line":12,"column":5}},"2":{"start":{"line":10,"column":8},"end":{"line":10,"column":67}}},"fnMap":{"0":{"name":"(anonymous_0)","decl":{"start":{"line":7,"column":40},"end":{"line":7,"column":41}},"loc":{"start":{"line":8,"column":2},"end":{"line":12,"column":5}},"line":8},"1":{"name":"(anonymous_1)","decl":{"start":{"line":9,"column":28},"end":{"line":9,"column":29}},"loc":{"start":{"line":10,"column":8},"end":{"line":10,"column":67}},"line":10}},"branchMap":{"0":{"loc":{"start":{"line":7,"column":43},"end":{"line":7,"column":52}},"type":"default-arg","locations":[{"start":{"line":7,"column":51},"end":{"line":7,"column":52}}],"line":7}},"s":{"0":0,"1":0,"2":0},"f":{"0":0,"1":0},"b":{"0":[0]}}
,"/Users/remyvanderwereld/git/wonen-ui/src/components/Data/components/SmallSkeleton.tsx": {"path":"/Users/remyvanderwereld/git/wonen-ui/src/components/Data/components/SmallSkeleton.tsx","statementMap":{"0":{"start":{"line":10,"column":28},"end":{"line":14,"column":1}},"1":{"start":{"line":16,"column":18},"end":{"line":25,"column":1}},"2":{"start":{"line":17,"column":22},"end":{"line":17,"column":48}},"3":{"start":{"line":18,"column":21},"end":{"line":18,"column":32}},"4":{"start":{"line":32,"column":39},"end":{"line":35,"column":1}},"5":{"start":{"line":33,"column":16},"end":{"line":33,"column":104}},"6":{"start":{"line":33,"column":30},"end":{"line":33,"column":85}},"7":{"start":{"line":34,"column":2},"end":{"line":34,"column":52}}},"fnMap":{"0":{"name":"(anonymous_0)","decl":{"start":{"line":17,"column":13},"end":{"line":17,"column":14}},"loc":{"start":{"line":17,"column":22},"end":{"line":17,"column":48}},"line":17},"1":{"name":"(anonymous_1)","decl":{"start":{"line":18,"column":12},"end":{"line":18,"column":13}},"loc":{"start":{"line":18,"column":21},"end":{"line":18,"column":32}},"line":18},"2":{"name":"(anonymous_2)","decl":{"start":{"line":32,"column":39},"end":{"line":32,"column":40}},"loc":{"start":{"line":32,"column":81},"end":{"line":35,"column":1}},"line":32},"3":{"name":"(anonymous_3)","decl":{"start":{"line":33,"column":24},"end":{"line":33,"column":25}},"loc":{"start":{"line":33,"column":30},"end":{"line":33,"column":85}},"line":33}},"branchMap":{"0":{"loc":{"start":{"line":32,"column":42},"end":{"line":32,"column":62}},"type":"default-arg","locations":[{"start":{"line":32,"column":59},"end":{"line":32,"column":62}}],"line":32},"1":{"loc":{"start":{"line":32,"column":64},"end":{"line":32,"column":74}},"type":"default-arg","locations":[{"start":{"line":32,"column":73},"end":{"line":32,"column":74}}],"line":32}},"s":{"0":0,"1":0,"2":0,"3":0,"4":0,"5":0,"6":0,"7":0},"f":{"0":0,"1":0,"2":0,"3":0},"b":{"0":[0],"1":[0]}}
,"/Users/remyvanderwereld/git/wonen-ui/src/components/Data/hooks/useNodeByReference/useNodeByReference.ts": {"path":"/Users/remyvanderwereld/git/wonen-ui/src/components/Data/hooks/useNodeByReference/useNodeByReference.ts","statementMap":{"0":{"start":{"line":3,"column":28},"end":{"line":3,"column":74}},"1":{"start":{"line":3,"column":70},"end":{"line":3,"column":74}},"2":{"start":{"line":28,"column":27},"end":{"line":32,"column":1}},"3":{"start":{"line":29,"column":28},"end":{"line":29,"column":63}},"4":{"start":{"line":30,"column":14},"end":{"line":30,"column":89}},"5":{"start":{"line":30,"column":42},"end":{"line":30,"column":65}},"6":{"start":{"line":31,"column":2},"end":{"line":31,"column":22}}},"fnMap":{"0":{"name":"(anonymous_0)","decl":{"start":{"line":3,"column":28},"end":{"line":3,"column":29}},"loc":{"start":{"line":3,"column":70},"end":{"line":3,"column":74}},"line":3},"1":{"name":"(anonymous_1)","decl":{"start":{"line":28,"column":27},"end":{"line":28,"column":28}},"loc":{"start":{"line":28,"column":109},"end":{"line":32,"column":1}},"line":28},"2":{"name":"(anonymous_2)","decl":{"start":{"line":30,"column":26},"end":{"line":30,"column":27}},"loc":{"start":{"line":30,"column":42},"end":{"line":30,"column":65}},"line":30}},"branchMap":{"0":{"loc":{"start":{"line":28,"column":54},"end":{"line":28,"column":104}},"type":"default-arg","locations":[{"start":{"line":28,"column":85},"end":{"line":28,"column":104}}],"line":28}},"s":{"0":0,"1":0,"2":0,"3":0,"4":0,"5":0,"6":0},"f":{"0":0,"1":0,"2":0},"b":{"0":[0]}}
,"/Users/remyvanderwereld/git/wonen-ui/src/components/Data/hooks/useNodeDimensions/useNodeDimensions.tsx": {"path":"/Users/remyvanderwereld/git/wonen-ui/src/components/Data/hooks/useNodeDimensions/useNodeDimensions.tsx","statementMap":{"0":{"start":{"line":23,"column":26},"end":{"line":43,"column":1}},"1":{"start":{"line":24,"column":40},"end":{"line":24,"column":67}},"2":{"start":{"line":26,"column":25},"end":{"line":28,"column":24}},"3":{"start":{"line":26,"column":39},"end":{"line":28,"column":4}},"4":{"start":{"line":27,"column":4},"end":{"line":27,"column":60}},"5":{"start":{"line":30,"column":2},"end":{"line":40,"column":28}},"6":{"start":{"line":31,"column":4},"end":{"line":33,"column":5}},"7":{"start":{"line":32,"column":6},"end":{"line":32,"column":34}},"8":{"start":{"line":35,"column":4},"end":{"line":39,"column":5}},"9":{"start":{"line":36,"column":6},"end":{"line":38,"column":7}},"10":{"start":{"line":37,"column":8},"end":{"line":37,"column":38}},"11":{"start":{"line":42,"column":2},"end":{"line":42,"column":19}}},"fnMap":{"0":{"name":"(anonymous_0)","decl":{"start":{"line":23,"column":26},"end":{"line":23,"column":27}},"loc":{"start":{"line":23,"column":46},"end":{"line":43,"column":1}},"line":23},"1":{"name":"(anonymous_1)","decl":{"start":{"line":26,"column":33},"end":{"line":26,"column":34}},"loc":{"start":{"line":26,"column":39},"end":{"line":28,"column":4}},"line":26},"2":{"name":"(anonymous_2)","decl":{"start":{"line":26,"column":58},"end":{"line":26,"column":59}},"loc":{"start":{"line":26,"column":76},"end":{"line":28,"column":3}},"line":26},"3":{"name":"(anonymous_3)","decl":{"start":{"line":30,"column":12},"end":{"line":30,"column":13}},"loc":{"start":{"line":30,"column":18},"end":{"line":40,"column":3}},"line":30},"4":{"name":"(anonymous_4)","decl":{"start":{"line":35,"column":11},"end":{"line":35,"column":12}},"loc":{"start":{"line":35,"column":17},"end":{"line":39,"column":5}},"line":35}},"branchMap":{"0":{"loc":{"start":{"line":31,"column":4},"end":{"line":33,"column":5}},"type":"if","locations":[{"start":{"line":31,"column":4},"end":{"line":33,"column":5}},{"start":{},"end":{}}],"line":31},"1":{"loc":{"start":{"line":36,"column":6},"end":{"line":38,"column":7}},"type":"if","locations":[{"start":{"line":36,"column":6},"end":{"line":38,"column":7}},{"start":{},"end":{}}],"line":36}},"s":{"0":0,"1":0,"2":0,"3":0,"4":0,"5":0,"6":0,"7":0,"8":0,"9":0,"10":0,"11":0},"f":{"0":0,"1":0,"2":0,"3":0,"4":0},"b":{"0":[0,0],"1":[0,0]}}
,"/Users/remyvanderwereld/git/wonen-ui/src/components/DateDisplay/DateDisplay.tsx": {"path":"/Users/remyvanderwereld/git/wonen-ui/src/components/DateDisplay/DateDisplay.tsx","statementMap":{"0":{"start":{"line":4,"column":32},"end":{"line":4,"column":35}},"1":{"start":{"line":5,"column":38},"end":{"line":5,"column":55}},"2":{"start":{"line":15,"column":15},"end":{"line":28,"column":1}},"3":{"start":{"line":30,"column":22},"end":{"line":34,"column":1}},"4":{"start":{"line":31,"column":2},"end":{"line":31,"column":46}},"5":{"start":{"line":31,"column":25},"end":{"line":31,"column":46}},"6":{"start":{"line":32,"column":2},"end":{"line":32,"column":60}},"7":{"start":{"line":32,"column":29},"end":{"line":32,"column":60}},"8":{"start":{"line":33,"column":2},"end":{"line":33,"column":14}},"9":{"start":{"line":35,"column":27},"end":{"line":35,"column":70}},"10":{"start":{"line":35,"column":40},"end":{"line":35,"column":70}},"11":{"start":{"line":37,"column":19},"end":{"line":37,"column":70}},"12":{"start":{"line":37,"column":36},"end":{"line":37,"column":70}},"13":{"start":{"line":38,"column":27},"end":{"line":46,"column":1}},"14":{"start":{"line":39,"column":12},"end":{"line":39,"column":60}},"15":{"start":{"line":40,"column":2},"end":{"line":40,"column":45}},"16":{"start":{"line":40,"column":23},"end":{"line":40,"column":45}},"17":{"start":{"line":41,"column":2},"end":{"line":45,"column":5}},"18":{"start":{"line":47,"column":27},"end":{"line":51,"column":1}},"19":{"start":{"line":48,"column":12},"end":{"line":48,"column":60}},"20":{"start":{"line":49,"column":2},"end":{"line":49,"column":45}},"21":{"start":{"line":49,"column":23},"end":{"line":49,"column":45}},"22":{"start":{"line":50,"column":2},"end":{"line":50,"column":100}},"23":{"start":{"line":53,"column":13},"end":{"line":55,"column":1}},"24":{"start":{"line":57,"column":37},"end":{"line":58,"column":116}},"25":{"start":{"line":58,"column":2},"end":{"line":58,"column":116}}},"fnMap":{"0":{"name":"(anonymous_0)","decl":{"start":{"line":30,"column":22},"end":{"line":30,"column":23}},"loc":{"start":{"line":30,"column":38},"end":{"line":34,"column":1}},"line":30},"1":{"name":"(anonymous_1)","decl":{"start":{"line":35,"column":27},"end":{"line":35,"column":28}},"loc":{"start":{"line":35,"column":40},"end":{"line":35,"column":70}},"line":35},"2":{"name":"(anonymous_2)","decl":{"start":{"line":37,"column":19},"end":{"line":37,"column":20}},"loc":{"start":{"line":37,"column":36},"end":{"line":37,"column":70}},"line":37},"3":{"name":"(anonymous_3)","decl":{"start":{"line":38,"column":27},"end":{"line":38,"column":28}},"loc":{"start":{"line":38,"column":108},"end":{"line":46,"column":1}},"line":38},"4":{"name":"(anonymous_4)","decl":{"start":{"line":47,"column":27},"end":{"line":47,"column":28}},"loc":{"start":{"line":47,"column":115},"end":{"line":51,"column":1}},"line":47},"5":{"name":"(anonymous_5)","decl":{"start":{"line":57,"column":37},"end":{"line":57,"column":38}},"loc":{"start":{"line":58,"column":2},"end":{"line":58,"column":116}},"line":58}},"branchMap":{"0":{"loc":{"start":{"line":31,"column":2},"end":{"line":31,"column":46}},"type":"if","locations":[{"start":{"line":31,"column":2},"end":{"line":31,"column":46}},{"start":{},"end":{}}],"line":31},"1":{"loc":{"start":{"line":32,"column":2},"end":{"line":32,"column":60}},"type":"if","locations":[{"start":{"line":32,"column":2},"end":{"line":32,"column":60}},{"start":{},"end":{}}],"line":32},"2":{"loc":{"start":{"line":37,"column":40},"end":{"line":37,"column":59}},"type":"cond-expr","locations":[{"start":{"line":37,"column":51},"end":{"line":37,"column":54}},{"start":{"line":37,"column":57},"end":{"line":37,"column":59}}],"line":37},"3":{"loc":{"start":{"line":38,"column":49},"end":{"line":38,"column":61}},"type":"default-arg","locations":[{"start":{"line":38,"column":56},"end":{"line":38,"column":61}}],"line":38},"4":{"loc":{"start":{"line":38,"column":63},"end":{"line":38,"column":103}},"type":"default-arg","locations":[{"start":{"line":38,"column":81},"end":{"line":38,"column":103}}],"line":38},"5":{"loc":{"start":{"line":39,"column":12},"end":{"line":39,"column":60}},"type":"cond-expr","locations":[{"start":{"line":39,"column":39},"end":{"line":39,"column":53}},{"start":{"line":39,"column":56},"end":{"line":39,"column":60}}],"line":39},"6":{"loc":{"start":{"line":40,"column":2},"end":{"line":40,"column":45}},"type":"if","locations":[{"start":{"line":40,"column":2},"end":{"line":40,"column":45}},{"start":{},"end":{}}],"line":40},"7":{"loc":{"start":{"line":41,"column":9},"end":{"line":45,"column":5}},"type":"cond-expr","locations":[{"start":{"line":42,"column":6},"end":{"line":42,"column":83}},{"start":{"line":44,"column":6},"end":{"line":44,"column":91}}],"line":41},"8":{"loc":{"start":{"line":47,"column":70},"end":{"line":47,"column":110}},"type":"default-arg","locations":[{"start":{"line":47,"column":88},"end":{"line":47,"column":110}}],"line":47},"9":{"loc":{"start":{"line":48,"column":12},"end":{"line":48,"column":60}},"type":"cond-expr","locations":[{"start":{"line":48,"column":39},"end":{"line":48,"column":53}},{"start":{"line":48,"column":56},"end":{"line":48,"column":60}}],"line":48},"10":{"loc":{"start":{"line":49,"column":2},"end":{"line":49,"column":45}},"type":"if","locations":[{"start":{"line":49,"column":2},"end":{"line":49,"column":45}},{"start":{},"end":{}}],"line":49},"11":{"loc":{"start":{"line":50,"column":74},"end":{"line":50,"column":97}},"type":"cond-expr","locations":[{"start":{"line":50,"column":86},"end":{"line":50,"column":92}},{"start":{"line":50,"column":95},"end":{"line":50,"column":97}}],"line":50},"12":{"loc":{"start":{"line":57,"column":46},"end":{"line":57,"column":58}},"type":"default-arg","locations":[{"start":{"line":57,"column":53},"end":{"line":57,"column":58}}],"line":57},"13":{"loc":{"start":{"line":57,"column":60},"end":{"line":57,"column":88}},"type":"default-arg","locations":[{"start":{"line":57,"column":72},"end":{"line":57,"column":88}}],"line":57},"14":{"loc":{"start":{"line":57,"column":90},"end":{"line":57,"column":130}},"type":"default-arg","locations":[{"start":{"line":57,"column":108},"end":{"line":57,"column":130}}],"line":57},"15":{"loc":{"start":{"line":58,"column":34},"end":{"line":58,"column":107}},"type":"cond-expr","locations":[{"start":{"line":58,"column":55},"end":{"line":58,"column":95}},{"start":{"line":58,"column":98},"end":{"line":58,"column":107}}],"line":58}},"s":{"0":0,"1":0,"2":0,"3":0,"4":0,"5":0,"6":0,"7":0,"8":0,"9":0,"10":0,"11":0,"12":0,"13":0,"14":0,"15":0,"16":0,"17":0,"18":0,"19":0,"20":0,"21":0,"22":0,"23":0,"24":0,"25":0},"f":{"0":0,"1":0,"2":0,"3":0,"4":0,"5":0},"b":{"0":[0,0],"1":[0,0],"2":[0,0],"3":[0],"4":[0],"5":[0,0],"6":[0,0],"7":[0,0],"8":[0],"9":[0,0],"10":[0,0],"11":[0,0],"12":[0],"13":[0],"14":[0],"15":[0,0]}}
,"/Users/remyvanderwereld/git/wonen-ui/src/components/DayDisplay/DayDisplay.tsx": {"path":"/Users/remyvanderwereld/git/wonen-ui/src/components/DayDisplay/DayDisplay.tsx","statementMap":{"0":{"start":{"line":10,"column":13},"end":{"line":18,"column":1}},"1":{"start":{"line":20,"column":22},"end":{"line":25,"column":1}},"2":{"start":{"line":21,"column":12},"end":{"line":21,"column":60}},"3":{"start":{"line":22,"column":2},"end":{"line":22,"column":45}},"4":{"start":{"line":22,"column":23},"end":{"line":22,"column":45}},"5":{"start":{"line":23,"column":14},"end":{"line":23,"column":30}},"6":{"start":{"line":24,"column":2},"end":{"line":24,"column":49}},"7":{"start":{"line":27,"column":36},"end":{"line":28,"column":35}},"8":{"start":{"line":28,"column":2},"end":{"line":28,"column":35}}},"fnMap":{"0":{"name":"(anonymous_0)","decl":{"start":{"line":20,"column":22},"end":{"line":20,"column":23}},"loc":{"start":{"line":20,"column":67},"end":{"line":25,"column":1}},"line":20},"1":{"name":"(anonymous_1)","decl":{"start":{"line":27,"column":36},"end":{"line":27,"column":37}},"loc":{"start":{"line":28,"column":2},"end":{"line":28,"column":35}},"line":28}},"branchMap":{"0":{"loc":{"start":{"line":20,"column":44},"end":{"line":20,"column":62}},"type":"default-arg","locations":[{"start":{"line":20,"column":57},"end":{"line":20,"column":62}}],"line":20},"1":{"loc":{"start":{"line":21,"column":12},"end":{"line":21,"column":60}},"type":"cond-expr","locations":[{"start":{"line":21,"column":39},"end":{"line":21,"column":53}},{"start":{"line":21,"column":56},"end":{"line":21,"column":60}}],"line":21},"2":{"loc":{"start":{"line":22,"column":2},"end":{"line":22,"column":45}},"type":"if","locations":[{"start":{"line":22,"column":2},"end":{"line":22,"column":45}},{"start":{},"end":{}}],"line":22},"3":{"loc":{"start":{"line":24,"column":9},"end":{"line":24,"column":49}},"type":"cond-expr","locations":[{"start":{"line":24,"column":22},"end":{"line":24,"column":43}},{"start":{"line":24,"column":46},"end":{"line":24,"column":49}}],"line":24},"4":{"loc":{"start":{"line":27,"column":45},"end":{"line":27,"column":63}},"type":"default-arg","locations":[{"start":{"line":27,"column":58},"end":{"line":27,"column":63}}],"line":27}},"s":{"0":0,"1":0,"2":0,"3":0,"4":0,"5":0,"6":0,"7":0,"8":0},"f":{"0":0,"1":0},"b":{"0":[0],"1":[0,0],"2":[0,0],"3":[0,0],"4":[0]}}
,"/Users/remyvanderwereld/git/wonen-ui/src/components/DayDisplay/utils/capitalizeString.ts": {"path":"/Users/remyvanderwereld/git/wonen-ui/src/components/DayDisplay/utils/capitalizeString.ts","statementMap":{"0":{"start":{"line":1,"column":30},"end":{"line":1,"column":68}}},"fnMap":{"0":{"name":"(anonymous_0)","decl":{"start":{"line":1,"column":15},"end":{"line":1,"column":16}},"loc":{"start":{"line":1,"column":30},"end":{"line":1,"column":68}},"line":1}},"branchMap":{},"s":{"0":0},"f":{"0":0},"b":{}}
,"/Users/remyvanderwereld/git/wonen-ui/src/components/EventsTimeline/CaseEvent.ts": {"path":"/Users/remyvanderwereld/git/wonen-ui/src/components/EventsTimeline/CaseEvent.ts","statementMap":{},"fnMap":{},"branchMap":{},"s":{},"f":{},"b":{}}
,"/Users/remyvanderwereld/git/wonen-ui/src/components/EventsTimeline/EventsTimeline.tsx": {"path":"/Users/remyvanderwereld/git/wonen-ui/src/components/EventsTimeline/EventsTimeline.tsx","statementMap":{"0":{"start":{"line":14,"column":40},"end":{"line":33,"column":1}},"1":{"start":{"line":17,"column":56},"end":{"line":17,"column":84}},"2":{"start":{"line":18,"column":2},"end":{"line":32,"column":3}},"3":{"start":{"line":21,"column":8},"end":{"line":28,"column":10}}},"fnMap":{"0":{"name":"(anonymous_0)","decl":{"start":{"line":14,"column":40},"end":{"line":14,"column":41}},"loc":{"start":{"line":16,"column":6},"end":{"line":33,"column":1}},"line":16},"1":{"name":"(anonymous_1)","decl":{"start":{"line":20,"column":34},"end":{"line":20,"column":35}},"loc":{"start":{"line":21,"column":8},"end":{"line":28,"column":10}},"line":21}},"branchMap":{"0":{"loc":{"start":{"line":15,"column":10},"end":{"line":15,"column":31}},"type":"default-arg","locations":[{"start":{"line":15,"column":30},"end":{"line":15,"column":31}}],"line":15},"1":{"loc":{"start":{"line":15,"column":59},"end":{"line":15,"column":73}},"type":"default-arg","locations":[{"start":{"line":15,"column":71},"end":{"line":15,"column":73}}],"line":15}},"s":{"0":0,"1":0,"2":0,"3":0},"f":{"0":0,"1":0},"b":{"0":[0],"1":[0]}}
,"/Users/remyvanderwereld/git/wonen-ui/src/components/EventsTimeline/components/EventData.tsx": {"path":"/Users/remyvanderwereld/git/wonen-ui/src/components/EventsTimeline/components/EventData.tsx","statementMap":{"0":{"start":{"line":16,"column":21},"end":{"line":44,"column":1}},"1":{"start":{"line":17,"column":2},"end":{"line":25,"column":3}},"2":{"start":{"line":17,"column":28},"end":{"line":25,"column":3}},"3":{"start":{"line":21,"column":8},"end":{"line":21,"column":134}},"4":{"start":{"line":27,"column":22},"end":{"line":27,"column":37}},"5":{"start":{"line":29,"column":2},"end":{"line":29,"column":44}},"6":{"start":{"line":29,"column":33},"end":{"line":29,"column":44}},"7":{"start":{"line":31,"column":2},"end":{"line":33,"column":3}},"8":{"start":{"line":32,"column":4},"end":{"line":32,"column":88}},"9":{"start":{"line":35,"column":2},"end":{"line":37,"column":3}},"10":{"start":{"line":36,"column":4},"end":{"line":36,"column":48}},"11":{"start":{"line":39,"column":2},"end":{"line":41,"column":3}},"12":{"start":{"line":40,"column":4},"end":{"line":40,"column":55}},"13":{"start":{"line":43,"column":2},"end":{"line":43,"column":29}},"14":{"start":{"line":46,"column":35},"end":{"line":67,"column":1}},"15":{"start":{"line":48,"column":25},"end":{"line":63,"column":43}},"16":{"start":{"line":49,"column":18},"end":{"line":49,"column":29}},"17":{"start":{"line":57,"column":4},"end":{"line":57,"column":113}},"18":{"start":{"line":57,"column":103},"end":{"line":57,"column":113}},"19":{"start":{"line":59,"column":4},"end":{"line":59,"column":104}},"20":{"start":{"line":61,"column":4},"end":{"line":61,"column":14}},"21":{"start":{"line":65,"column":2},"end":{"line":65,"column":79}}},"fnMap":{"0":{"name":"(anonymous_0)","decl":{"start":{"line":16,"column":21},"end":{"line":16,"column":22}},"loc":{"start":{"line":16,"column":90},"end":{"line":44,"column":1}},"line":16},"1":{"name":"(anonymous_1)","decl":{"start":{"line":20,"column":32},"end":{"line":20,"column":33}},"loc":{"start":{"line":21,"column":8},"end":{"line":21,"column":134}},"line":21},"2":{"name":"(anonymous_2)","decl":{"start":{"line":46,"column":35},"end":{"line":46,"column":36}},"loc":{"start":{"line":46,"column":77},"end":{"line":67,"column":1}},"line":46},"3":{"name":"(anonymous_3)","decl":{"start":{"line":48,"column":39},"end":{"line":48,"column":40}},"loc":{"start":{"line":48,"column":106},"end":{"line":63,"column":3}},"line":48}},"branchMap":{"0":{"loc":{"start":{"line":16,"column":67},"end":{"line":16,"column":85}},"type":"default-arg","locations":[{"start":{"line":16,"column":80},"end":{"line":16,"column":85}}],"line":16},"1":{"loc":{"start":{"line":17,"column":2},"end":{"line":25,"column":3}},"type":"if","locations":[{"start":{"line":17,"column":2},"end":{"line":25,"column":3}},{"start":{},"end":{}}],"line":17},"2":{"loc":{"start":{"line":18,"column":4},"end":{"line":24,"column":7}},"type":"cond-expr","locations":[{"start":{"line":19,"column":4},"end":{"line":23,"column":19}},{"start":{"line":24,"column":4},"end":{"line":24,"column":7}}],"line":18},"3":{"loc":{"start":{"line":29,"column":2},"end":{"line":29,"column":44}},"type":"if","locations":[{"start":{"line":29,"column":2},"end":{"line":29,"column":44}},{"start":{},"end":{}}],"line":29},"4":{"loc":{"start":{"line":31,"column":2},"end":{"line":33,"column":3}},"type":"if","locations":[{"start":{"line":31,"column":2},"end":{"line":33,"column":3}},{"start":{},"end":{}}],"line":31},"5":{"loc":{"start":{"line":35,"column":2},"end":{"line":37,"column":3}},"type":"if","locations":[{"start":{"line":35,"column":2},"end":{"line":37,"column":3}},{"start":{},"end":{}}],"line":35},"6":{"loc":{"start":{"line":35,"column":6},"end":{"line":35,"column":45}},"type":"binary-expr","locations":[{"start":{"line":35,"column":6},"end":{"line":35,"column":16}},{"start":{"line":35,"column":20},"end":{"line":35,"column":45}}],"line":35},"7":{"loc":{"start":{"line":39,"column":2},"end":{"line":41,"column":3}},"type":"if","locations":[{"start":{"line":39,"column":2},"end":{"line":41,"column":3}},{"start":{},"end":{}}],"line":39},"8":{"loc":{"start":{"line":40,"column":15},"end":{"line":40,"column":50}},"type":"cond-expr","locations":[{"start":{"line":40,"column":38},"end":{"line":40,"column":42}},{"start":{"line":40,"column":45},"end":{"line":40,"column":50}}],"line":40},"9":{"loc":{"start":{"line":46,"column":54},"end":{"line":46,"column":70}},"type":"default-arg","locations":[{"start":{"line":46,"column":65},"end":{"line":46,"column":70}}],"line":46},"10":{"loc":{"start":{"line":57,"column":4},"end":{"line":57,"column":113}},"type":"if","locations":[{"start":{"line":57,"column":4},"end":{"line":57,"column":113}},{"start":{},"end":{}}],"line":57},"11":{"loc":{"start":{"line":57,"column":8},"end":{"line":57,"column":101}},"type":"binary-expr","locations":[{"start":{"line":57,"column":8},"end":{"line":57,"column":21}},{"start":{"line":57,"column":26},"end":{"line":57,"column":46}},{"start":{"line":57,"column":50},"end":{"line":57,"column":68}},{"start":{"line":57,"column":73},"end":{"line":57,"column":101}}],"line":57}},"s":{"0":0,"1":0,"2":0,"3":0,"4":0,"5":0,"6":0,"7":0,"8":0,"9":0,"10":0,"11":0,"12":0,"13":0,"14":0,"15":0,"16":0,"17":0,"18":0,"19":0,"20":0,"21":0},"f":{"0":0,"1":0,"2":0,"3":0},"b":{"0":[0],"1":[0,0],"2":[0,0],"3":[0,0],"4":[0,0],"5":[0,0],"6":[0,0],"7":[0,0],"8":[0,0],"9":[0],"10":[0,0],"11":[0,0,0,0]}}
,"/Users/remyvanderwereld/git/wonen-ui/src/components/EventsTimeline/components/TimelineEvent.tsx": {"path":"/Users/remyvanderwereld/git/wonen-ui/src/components/EventsTimeline/components/TimelineEvent.tsx","statementMap":{"0":{"start":{"line":37,"column":39},"end":{"line":143,"column":1}},"1":{"start":{"line":41,"column":16},"end":{"line":47,"column":3}},"2":{"start":{"line":49,"column":23},"end":{"line":49,"column":49}},"3":{"start":{"line":51,"column":31},"end":{"line":134,"column":3}},"4":{"start":{"line":52,"column":4},"end":{"line":133,"column":5}},"5":{"start":{"line":54,"column":8},"end":{"line":60,"column":9}},"6":{"start":{"line":62,"column":8},"end":{"line":68,"column":9}},"7":{"start":{"line":70,"column":8},"end":{"line":76,"column":9}},"8":{"start":{"line":78,"column":8},"end":{"line":85,"column":9}},"9":{"start":{"line":87,"column":8},"end":{"line":94,"column":9}},"10":{"start":{"line":96,"column":8},"end":{"line":103,"column":9}},"11":{"start":{"line":105,"column":8},"end":{"line":112,"column":9}},"12":{"start":{"line":114,"column":8},"end":{"line":121,"column":9}},"13":{"start":{"line":123,"column":8},"end":{"line":130,"column":9}},"14":{"start":{"line":132,"column":8},"end":{"line":132,"column":19}},"15":{"start":{"line":136,"column":28},"end":{"line":136,"column":50}},"16":{"start":{"line":138,"column":2},"end":{"line":142,"column":3}}},"fnMap":{"0":{"name":"(anonymous_0)","decl":{"start":{"line":37,"column":39},"end":{"line":37,"column":40}},"loc":{"start":{"line":40,"column":6},"end":{"line":143,"column":1}},"line":40},"1":{"name":"(anonymous_1)","decl":{"start":{"line":51,"column":31},"end":{"line":51,"column":32}},"loc":{"start":{"line":51,"column":37},"end":{"line":134,"column":3}},"line":51}},"branchMap":{"0":{"loc":{"start":{"line":38,"column":71},"end":{"line":38,"column":85}},"type":"default-arg","locations":[{"start":{"line":38,"column":80},"end":{"line":38,"column":85}}],"line":38},"1":{"loc":{"start":{"line":52,"column":4},"end":{"line":133,"column":5}},"type":"switch","locations":[{"start":{"line":53,"column":6},"end":{"line":60,"column":9}},{"start":{"line":61,"column":6},"end":{"line":68,"column":9}},{"start":{"line":69,"column":6},"end":{"line":76,"column":9}},{"start":{"line":77,"column":6},"end":{"line":85,"column":9}},{"start":{"line":86,"column":6},"end":{"line":94,"column":9}},{"start":{"line":95,"column":6},"end":{"line":103,"column":9}},{"start":{"line":104,"column":6},"end":{"line":112,"column":9}},{"start":{"line":113,"column":6},"end":{"line":121,"column":9}},{"start":{"line":122,"column":6},"end":{"line":130,"column":9}},{"start":{"line":131,"column":6},"end":{"line":132,"column":19}}],"line":52},"2":{"loc":{"start":{"line":126,"column":20},"end":{"line":126,"column":140}},"type":"cond-expr","locations":[{"start":{"line":126,"column":82},"end":{"line":126,"column":121}},{"start":{"line":126,"column":124},"end":{"line":126,"column":140}}],"line":126}},"s":{"0":0,"1":0,"2":0,"3":0,"4":0,"5":0,"6":0,"7":0,"8":0,"9":0,"10":0,"11":0,"12":0,"13":0,"14":0,"15":0,"16":0},"f":{"0":0,"1":0},"b":{"0":[0],"1":[0,0,0,0,0,0,0,0,0,0],"2":[0,0]}}
,"/Users/remyvanderwereld/git/wonen-ui/src/components/EventsTimeline/components/TimelineEventItem.tsx": {"path":"/Users/remyvanderwereld/git/wonen-ui/src/components/EventsTimeline/components/TimelineEventItem.tsx","statementMap":{"0":{"start":{"line":24,"column":43},"end":{"line":82,"column":1}},"1":{"start":{"line":35,"column":2},"end":{"line":35,"column":42}},"2":{"start":{"line":35,"column":31},"end":{"line":35,"column":42}},"3":{"start":{"line":37,"column":26},"end":{"line":37,"column":85}},"4":{"start":{"line":38,"column":18},"end":{"line":38,"column":22}},"5":{"start":{"line":39,"column":2},"end":{"line":41,"column":3}},"6":{"start":{"line":40,"column":4},"end":{"line":40,"column":136}},"7":{"start":{"line":42,"column":22},"end":{"line":42,"column":59}},"8":{"start":{"line":43,"column":22},"end":{"line":43,"column":65}},"9":{"start":{"line":44,"column":24},"end":{"line":44,"column":110}},"10":{"start":{"line":46,"column":2},"end":{"line":81,"column":3}},"11":{"start":{"line":50,"column":34},"end":{"line":50,"column":78}},"12":{"start":{"line":51,"column":34},"end":{"line":51,"column":78}},"13":{"start":{"line":52,"column":32},"end":{"line":52,"column":94}},"14":{"start":{"line":53,"column":23},"end":{"line":53,"column":56}},"15":{"start":{"line":54,"column":31},"end":{"line":54,"column":114}},"16":{"start":{"line":56,"column":10},"end":{"line":77,"column":11}}},"fnMap":{"0":{"name":"(anonymous_0)","decl":{"start":{"line":24,"column":43},"end":{"line":24,"column":44}},"loc":{"start":{"line":33,"column":6},"end":{"line":82,"column":1}},"line":33},"1":{"name":"(anonymous_1)","decl":{"start":{"line":48,"column":23},"end":{"line":48,"column":24}},"loc":{"start":{"line":48,"column":36},"end":{"line":78,"column":9}},"line":48}},"branchMap":{"0":{"loc":{"start":{"line":27,"column":2},"end":{"line":27,"column":12}},"type":"default-arg","locations":[{"start":{"line":27,"column":10},"end":{"line":27,"column":12}}],"line":27},"1":{"loc":{"start":{"line":28,"column":2},"end":{"line":28,"column":28}},"type":"default-arg","locations":[{"start":{"line":28,"column":14},"end":{"line":28,"column":28}}],"line":28},"2":{"loc":{"start":{"line":29,"column":2},"end":{"line":29,"column":16}},"type":"default-arg","lo
[...]
lumn":3}},{"start":{},"end":{}}],"line":23},"4":{"loc":{"start":{"line":26,"column":2},"end":{"line":35,"column":3}},"type":"if","locations":[{"start":{"line":26,"column":2},"end":{"line":35,"column":3}},{"start":{},"end":{}}],"line":26},"5":{"loc":{"start":{"line":28,"column":4},"end":{"line":32,"column":5}},"type":"if","locations":[{"start":{"line":28,"column":4},"end":{"line":32,"column":5}},{"start":{},"end":{}}],"line":28},"6":{"loc":{"start":{"line":28,"column":8},"end":{"line":28,"column":78}},"type":"binary-expr","locations":[{"start":{"line":28,"column":8},"end":{"line":28,"column":42}},{"start":{"line":28,"column":46},"end":{"line":28,"column":78}}],"line":28},"7":{"loc":{"start":{"line":36,"column":2},"end":{"line":40,"column":3}},"type":"if","locations":[{"start":{"line":36,"column":2},"end":{"line":40,"column":3}},{"start":{},"end":{}}],"line":36},"8":{"loc":{"start":{"line":45,"column":2},"end":{"line":47,"column":3}},"type":"if","locations":[{"start":{"line":45,"column":2},"end":{"line":47,"column":3}},{"start":{},"end":{}}],"line":45},"9":{"loc":{"start":{"line":48,"column":2},"end":{"line":50,"column":3}},"type":"if","locations":[{"start":{"line":48,"column":2},"end":{"line":50,"column":3}},{"start":{},"end":{}}],"line":48},"10":{"loc":{"start":{"line":60,"column":55},"end":{"line":60,"column":78}},"type":"cond-expr","locations":[{"start":{"line":60,"column":61},"end":{"line":60,"column":73}},{"start":{"line":60,"column":76},"end":{"line":60,"column":78}}],"line":60},"11":{"loc":{"start":{"line":61,"column":59},"end":{"line":61,"column":90}},"type":"cond-expr","locations":[{"start":{"line":61,"column":82},"end":{"line":61,"column":85}},{"start":{"line":61,"column":88},"end":{"line":61,"column":90}}],"line":61}},"s":{"0":0,"1":0,"2":0,"3":0,"4":0,"5":0,"6":0,"7":0,"8":0,"9":0,"10":0,"11":0,"12":0,"13":0,"14":0,"15":0,"16":0,"17":0,"18":0,"19":0,"20":0,"21":0,"22":0,"23":0,"24":0,"25":0,"26":0,"27":0,"28":0,"29":0,"30":0,"31":0,"32":0,"33":0,"34":0},"f":{"0":0,"1":0,"2":0,"3":0,"4":0},"b":{"0":[0,0],"1":[0,0],"2":[0,0],"3":[0,0],"4":[0,0],"5":[0,0],"6":[0,0],"7":[0,0],"8":[0,0],"9":[0,0],"10":[0,0],"11":[0,0]}}
,"/Users/remyvanderwereld/git/wonen-ui/src/components/Residents/Residents.tsx": {"path":"/Users/remyvanderwereld/git/wonen-ui/src/components/Residents/Residents.tsx","statementMap":{"0":{"start":{"line":13,"column":51},"end":{"line":13,"column":52}},"1":{"start":{"line":16,"column":21},"end":{"line":32,"column":1}},"2":{"start":{"line":17,"column":18},"end":{"line":17,"column":55}},"3":{"start":{"line":19,"column":2},"end":{"line":30,"column":3}},"4":{"start":{"line":20,"column":4},"end":{"line":29,"column":6}},"5":{"start":{"line":21,"column":23},"end":{"line":21,"column":57}},"6":{"start":{"line":22,"column":6},"end":{"line":27,"column":7}},"7":{"start":{"line":23,"column":29},"end":{"line":23,"column":45}},"8":{"start":{"line":24,"column":44},"end":{"line":24,"column":114}},"9":{"start":{"line":25,"column":40},"end":{"line":25,"column":95}},"10":{"start":{"line":26,"column":8},"end":{"line":26,"column":38}},"11":{"start":{"line":28,"column":6},"end":{"line":28,"column":17}},"12":{"start":{"line":31,"column":2},"end":{"line":31,"column":18}},"13":{"start":{"line":34,"column":35},"end":{"line":44,"column":1}},"14":{"start":{"line":36,"column":20},"end":{"line":36,"column":38}},"15":{"start":{"line":38,"column":2},"end":{"line":43,"column":3}}},"fnMap":{"0":{"name":"(anonymous_0)","decl":{"start":{"line":16,"column":21},"end":{"line":16,"column":22}},"loc":{"start":{"line":16,"column":47},"end":{"line":32,"column":1}},"line":16},"1":{"name":"(anonymous_1)","decl":{"start":{"line":20,"column":33},"end":{"line":20,"column":34}},"loc":{"start":{"line":20,"column":52},"end":{"line":29,"column":5}},"line":20},"2":{"name":"(anonymous_2)","decl":{"start":{"line":34,"column":35},"end":{"line":34,"column":36}},"loc":{"start":{"line":34,"column":82},"end":{"line":44,"column":1}},"line":34}},"branchMap":{"0":{"loc":{"start":{"line":19,"column":2},"end":{"line":30,"column":3}},"type":"if","locations":[{"start":{"line":19,"column":2},"end":{"line":30,"column":3}},{"start":{},"end":{}}],"line":19},"1":{"loc":{"start":{"line":22,"column":6},"end":{"line":27,"column":7}},"type":"if","locations":[{"start":{"line":22,"column":6},"end":{"line":27,"column":7}},{"start":{},"end":{}}],"line":22},"2":{"loc":{"start":{"line":34,"column":44},"end":{"line":34,"column":59}},"type":"default-arg","locations":[{"start":{"line":34,"column":54},"end":{"line":34,"column":59}}],"line":34},"3":{"loc":{"start":{"line":34,"column":61},"end":{"line":34,"column":75}},"type":"default-arg","locations":[{"start":{"line":34,"column":70},"end":{"line":34,"column":75}}],"line":34},"4":{"loc":{"start":{"line":40,"column":8},"end":{"line":40,"column":61}},"type":"binary-expr","locations":[{"start":{"line":40,"column":8},"end":{"line":40,"column":14}},{"start":{"line":40,"column":18},"end":{"line":40,"column":61}}],"line":40}},"s":{"0":0,"1":0,"2":0,"3":0,"4":0,"5":0,"6":0,"7":0,"8":0,"9":0,"10":0,"11":0,"12":0,"13":0,"14":0,"15":0},"f":{"0":0,"1":0,"2":0},"b":{"0":[0,0],"1":[0,0],"2":[0],"3":[0],"4":[0,0]}}
,"/Users/remyvanderwereld/git/wonen-ui/src/components/Residents/ResidentsHeader.tsx": {"path":"/Users/remyvanderwereld/git/wonen-ui/src/components/Residents/ResidentsHeader.tsx","statementMap":{"0":{"start":{"line":8,"column":41},"end":{"line":15,"column":1}},"1":{"start":{"line":9,"column":31},"end":{"line":9,"column":112}},"2":{"start":{"line":9,"column":68},"end":{"line":9,"column":103}},"3":{"start":{"line":10,"column":15},"end":{"line":10,"column":77}},"4":{"start":{"line":12,"column":2},"end":{"line":14,"column":3}}},"fnMap":{"0":{"name":"(anonymous_0)","decl":{"start":{"line":8,"column":41},"end":{"line":8,"column":42}},"loc":{"start":{"line":8,"column":60},"end":{"line":15,"column":1}},"line":8},"1":{"name":"(anonymous_1)","decl":{"start":{"line":9,"column":49},"end":{"line":9,"column":50}},"loc":{"start":{"line":9,"column":68},"end":{"line":9,"column":103}},"line":9}},"branchMap":{"0":{"loc":{"start":{"line":10,"column":15},"end":{"line":10,"column":77}},"type":"cond-expr","locations":[{"start":{"line":10,"column":43},"end":{"line":10,"column":72}},{"start":{"line":10,"column":75},"end":{"line":10,"column":77}}],"line":10}},"s":{"0":0,"1":0,"2":0,"3":0,"4":0},"f":{"0":0,"1":0},"b":{"0":[0,0]}}
,"/Users/remyvanderwereld/git/wonen-ui/src/components/Residents/ResidentsType.ts": {"path":"/Users/remyvanderwereld/git/wonen-ui/src/components/Residents/ResidentsType.ts","statementMap":{},"fnMap":{},"branchMap":{},"s":{},"f":{},"b":{}}
,"/Users/remyvanderwereld/git/wonen-ui/src/components/Residents/ResidentsView.tsx": {"path":"/Users/remyvanderwereld/git/wonen-ui/src/components/Residents/ResidentsView.tsx","statementMap":{"0":{"start":{"line":11,"column":11},"end":{"line":19,"column":1}},"1":{"start":{"line":21,"column":35},"end":{"line":44,"column":1}},"2":{"start":{"line":22,"column":2},"end":{"line":24,"column":3}},"3":{"start":{"line":23,"column":4},"end":{"line":23,"column":22}},"4":{"start":{"line":25,"column":2},"end":{"line":29,"column":3}},"5":{"start":{"line":26,"column":4},"end":{"line":28,"column":5}},"6":{"start":{"line":30,"column":2},"end":{"line":43,"column":3}},"7":{"start":{"line":31,"column":4},"end":{"line":33,"column":5}},"8":{"start":{"line":35,"column":4},"end":{"line":42,"column":5}},"9":{"start":{"line":38,"column":12},"end":{"line":38,"column":78}}},"fnMap":{"0":{"name":"(anonymous_0)","decl":{"start":{"line":21,"column":35},"end":{"line":21,"column":36}},"loc":{"start":{"line":21,"column":63},"end":{"line":44,"column":1}},"line":21},"1":{"name":"(anonymous_1)","decl":{"start":{"line":37,"column":24},"end":{"line":37,"column":25}},"loc":{"start":{"line":38,"column":12},"end":{"line":38,"column":78}},"line":38}},"branchMap":{"0":{"loc":{"start":{"line":22,"column":2},"end":{"line":24,"column":3}},"type":"if","locations":[{"start":{"line":22,"column":2},"end":{"line":24,"column":3}},{"start":{},"end":{}}],"line":22},"1":{"loc":{"start":{"line":25,"column":2},"end":{"line":29,"column":3}},"type":"if","locations":[{"start":{"line":25,"column":2},"end":{"line":29,"column":3}},{"start":{},"end":{}}],"line":25},"2":{"loc":{"start":{"line":30,"column":2},"end":{"line":43,"column":3}},"type":"if","locations":[{"start":{"line":30,"column":2},"end":{"line":43,"column":3}},{"start":{"line":34,"column":9},"end":{"line":43,"column":3}}],"line":30}},"s":{"0":0,"1":0,"2":0,"3":0,"4":0,"5":0,"6":0,"7":0,"8":0,"9":0},"f":{"0":0,"1":0},"b":{"0":[0,0],"1":[0,0],"2":[0,0]}}
,"/Users/remyvanderwereld/git/wonen-ui/src/components/Residents/hooks/useValues.tsx": {"path":"/Users/remyvanderwereld/git/wonen-ui/src/components/Residents/hooks/useValues.tsx","statementMap":{"0":{"start":{"line":7,"column":13},"end":{"line":9,"column":1}},"1":{"start":{"line":11,"column":15},"end":{"line":13,"column":1}},"2":{"start":{"line":15,"column":46},"end":{"line":23,"column":1}},"3":{"start":{"line":25,"column":23},"end":{"line":32,"column":1}},"4":{"start":{"line":26,"column":2},"end":{"line":28,"column":3}},"5":{"start":{"line":27,"column":4},"end":{"line":27,"column":13}},"6":{"start":{"line":29,"column":24},"end":{"line":29,"column":50}},"7":{"start":{"line":30,"column":14},"end":{"line":30,"column":127}},"8":{"start":{"line":30,"column":107},"end":{"line":30,"column":126}},"9":{"start":{"line":31,"column":2},"end":{"line":31,"column":12}},"10":{"start":{"line":34,"column":23},"end":{"line":37,"column":1}},"11":{"start":{"line":35,"column":22},"end":{"line":35,"column":182}},"12":{"start":{"line":35,"column":50},"end":{"line":35,"column":170}},"13":{"start":{"line":36,"column":2},"end":{"line":36,"column":33}},"14":{"start":{"line":39,"column":18},"end":{"line":98,"column":1}},"15":{"start":{"line":62,"column":6},"end":{"line":62,"column":14}},"16":{"start":{"line":64,"column":33},"end":{"line":64,"column":80}},"17":{"start":{"line":66,"column":22},"end":{"line":93,"column":3}},"18":{"start":{"line":95,"column":25},"end":{"line":95,"column":61}},"19":{"start":{"line":95,"column":45},"end":{"line":95,"column":60}},"20":{"start":{"line":97,"column":2},"end":{"line":97,"column":23}}},"fnMap":{"0":{"name":"(anonymous_0)","decl":{"start":{"line":25,"column":23},"end":{"line":25,"column":24}},"loc":{"start":{"line":25,"column":42},"end":{"line":32,"column":1}},"line":25},"1":{"name":"(anonymous_1)","decl":{"start":{"line":30,"column":94},"end":{"line":30,"column":95}},"loc":{"start":{"line":30,"column":107},"end":{"line":30,"column":126}},"line":30},"2":{"name":"(anonymous_2)","decl":{"start":{"line":34,"column":23},"end":{"line":34,"column":24}},"loc":{"start":{"line":34,"column":42},"end":{"line":37,"column":1}},"line":34},"3":{"name":"(anonymous_3)","decl":{"start":{"line":35,"column":33},"end":{"line":35,"column":34}},"loc":{"start":{"line":35,"column":50},"end":{"line":35,"column":170}},"line":35},"4":{"name":"(anonymous_4)","decl":{"start":{"line":39,"column":18},"end":{"line":39,"column":19}},"loc":{"start":{"line":39,"column":37},"end":{"line":98,"column":1}},"line":39},"5":{"name":"(anonymous_5)","decl":{"start":{"line":95,"column":40},"end":{"line":95,"column":41}},"loc":{"start":{"line":95,"column":45},"end":{"line":95,"column":60}},"line":95}},"branchMap":{"0":{"loc":{"start":{"line":26,"column":2},"end":{"line":28,"column":3}},"type":"if","locations":[{"start":{"line":26,"column":2},"end":{"line":28,"column":3}},{"start":{},"end":{}}],"line":26},"1":{"loc":{"start":{"line":35,"column":50},"end":{"line":35,"column":170}},"type":"cond-expr","locations":[{"start":{"line":35,"column":88},"end":{"line":35,"column":98}},{"start":{"line":35,"column":101},"end":{"line":35,"column":170}}],"line":35},"2":{"loc":{"start":{"line":35,"column":105},"end":{"line":35,"column":134}},"type":"binary-expr","locations":[{"start":{"line":35,"column":105},"end":{"line":35,"column":128}},{"start":{"line":35,"column":132},"end":{"line":35,"column":134}}],"line":35},"3":{"loc":{"start":{"line":36,"column":9},"end":{"line":36,"column":33}},"type":"binary-expr","locations":[{"start":{"line":36,"column":9},"end":{"line":36,"column":20}},{"start":{"line":36,"column":24},"end":{"line":36,"column":33}}],"line":36},"4":{"loc":{"start":{"line":72,"column":15},"end":{"line":77,"column":12}},"type":"cond-expr","locations":[{"start":{"line":73,"column":6},"end":{"line":76,"column":9}},{"start":{"line":77,"column":8},"end":{"line":77,"column":12}}],"line":72},"5":{"loc":{"start":{"line":75,"column":10},"end":{"line":75,"column":63}},"type":"cond-expr","locations":[{"start":{"line":75,"column":23},"end":{"line":75,"column":27}},{"start":{"line":75,"column":30},"end":{"line":75,"column":63}}],"line":75},"6":{"loc":{"start":{"line":78,"column":19},"end":{"line":83,"column":19}},"type":"cond-expr","locations":[{"start":{"line":79,"column":6},"end":{"line":82,"column":9}},{"start":{"line":83,"column":10},"end":{"line":83,"column":19}}],"line":78},"7":{"loc":{"start":{"line":84,"column":26},"end":{"line":89,"column":41}},"type":"cond-expr","locations":[{"start":{"line":85,"column":6},"end":{"line":88,"column":9}},{"start":{"line":89,"column":8},"end":{"line":89,"column":41}}],"line":84}},"s":{"0":0,"1":0,"2":0,"3":0,"4":0,"5":0,"6":0,"7":0,"8":0,"9":0,"10":0,"11":0,"12":0,"13":0,"14":0,"15":0,"16":0,"17":0,"18":0,"19":0,"20":0},"f":{"0":0,"1":0,"2":0,"3":0,"4":0,"5":0},"b":{"0":[0,0],"1":[0,0],"2":[0,0],"3":[0,0],"4":[0,0],"5":[0,0],"6":[0,0],"7":[0,0]}}
,"/Users/remyvanderwereld/git/wonen-ui/src/components/TextWithLinebreaks/TextWithLinebreaks.tsx": {"path":"/Users/remyvanderwereld/git/wonen-ui/src/components/TextWithLinebreaks/TextWithLinebreaks.tsx","statementMap":{"0":{"start":{"line":4,"column":13},"end":{"line":6,"column":1}},"1":{"start":{"line":8,"column":37},"end":{"line":8,"column":80}},"2":{"start":{"line":8,"column":55},"end":{"line":8,"column":80}}},"fnMap":{"0":{"name":"(anonymous_0)","decl":{"start":{"line":8,"column":37},"end":{"line":8,"column":38}},"loc":{"start":{"line":8,"column":55},"end":{"line":8,"column":80}},"line":8}},"branchMap":{},"s":{"0":1,"1":1,"2":2},"f":{"0":2},"b":{},"_coverageSchema":"1a1c01bbd47fc00a2c39e90264f33305004495a9","hash":"513dcf3355aaadb9c0dc4eac1eeb5a35b713346c"}
,"/Users/remyvanderwereld/git/wonen-ui/src/components/TextWithURLs/TextWithURLs.tsx": {"path":"/Users/remyvanderwereld/git/wonen-ui/src/components/TextWithURLs/TextWithURLs.tsx","statementMap":{"0":{"start":{"line":9,"column":38},"end":{"line":24,"column":1}},"1":{"start":{"line":11,"column":2},"end":{"line":17,"column":4}},"2":{"start":{"line":13,"column":4},"end":{"line":16,"column":5}},"3":{"start":{"line":14,"column":6},"end":{"line":14,"column":43}},"4":{"start":{"line":15,"column":6},"end":{"line":15,"column":53}},"5":{"start":{"line":19,"column":16},"end":{"line":19,"column":33}},"6":{"start":{"line":21,"column":16},"end":{"line":21,"column":41}},"7":{"start":{"line":23,"column":2},"end":{"line":23,"column":63}}},"fnMap":{"0":{"name":"(anonymous_0)","decl":{"start":{"line":9,"column":38},"end":{"line":9,"column":39}},"loc":{"start":{"line":9,"column":57},"end":{"line":24,"column":1}},"line":9},"1":{"name":"(anonymous_1)","decl":{"start":{"line":11,"column":47},"end":{"line":11,"column":48}},"loc":{"start":{"line":11,"column":57},"end":{"line":17,"column":3}},"line":11}},"branchMap":{"0":{"loc":{"start":{"line":9,"column":41},"end":{"line":9,"column":50}},"type":"default-arg","locations":[{"start":{"line":9,"column":48},"end":{"line":9,"column":50}}],"line":9},"1":{"loc":{"start":{"line":13,"column":4},"end":{"line":16,"column":5}},"type":"if","locations":[{"start":{"line":13,"column":4},"end":{"line":16,"column":5}},{"start":{},"end":{}}],"line":13}},"s":{"0":0,"1":0,"2":0,"3":0,"4":0,"5":0,"6":0,"7":0},"f":{"0":0,"1":0},"b":{"0":[0],"1":[0,0]}}
,"/Users/remyvanderwereld/git/wonen-ui/src/components/TextWithURLs/utils/replaceUrls.ts": {"path":"/Users/remyvanderwereld/git/wonen-ui/src/components/TextWithURLs/utils/replaceUrls.ts","statementMap":{"0":{"start":{"line":1,"column":14},"end":{"line":1,"column":41}},"1":{"start":{"line":2,"column":16},"end":{"line":2,"column":72}},"2":{"start":{"line":2,"column":35},"end":{"line":2,"column":72}},"3":{"start":{"line":4,"column":33},"end":{"line":4,"column":61}}},"fnMap":{"0":{"name":"(anonymous_0)","decl":{"start":{"line":2,"column":16},"end":{"line":2,"column":17}},"loc":{"start":{"line":2,"column":35},"end":{"line":2,"column":72}},"line":2},"1":{"name":"(anonymous_1)","decl":{"start":{"line":4,"column":15},"end":{"line":4,"column":16}},"loc":{"start":{"line":4,"column":33},"end":{"line":4,"column":61}},"line":4}},"branchMap":{},"s":{"0":0,"1":0,"2":0,"3":0},"f":{"0":0,"1":0},"b":{}}
,"/Users/remyvanderwereld/git/wonen-ui/src/helpers/devWarning.ts": {"path":"/Users/remyvanderwereld/git/wonen-ui/src/helpers/devWarning.ts","statementMap":{"0":{"start":{"line":2,"column":2},"end":{"line":4,"column":3}},"1":{"start":{"line":3,"column":4},"end":{"line":3,"column":59}}},"fnMap":{"0":{"name":"(anonymous_0)","decl":{"start":{"line":1,"column":15},"end":{"line":1,"column":16}},"loc":{"start":{"line":1,"column":77},"end":{"line":5,"column":1}},"line":1}},"branchMap":{"0":{"loc":{"start":{"line":2,"column":2},"end":{"line":4,"column":3}},"type":"if","locations":[{"start":{"line":2,"column":2},"end":{"line":4,"column":3}},{"start":{},"end":{}}],"line":2}},"s":{"0":0,"1":0},"f":{"0":0},"b":{"0":[0,0]}}
,"/Users/remyvanderwereld/git/wonen-ui/src/helpers/dictionaries.ts": {"path":"/Users/remyvanderwereld/git/wonen-ui/src/helpers/dictionaries.ts","statementMap":{"0":{"start":{"line":1,"column":29},"end":{"line":7,"column":1}}},"fnMap":{},"branchMap":{},"s":{"0":0},"f":{},"b":{}}
,"/Users/remyvanderwereld/git/wonen-ui/src/stories/mockedData/PermitsSynopsisData.ts": {"path":"/Users/remyvanderwereld/git/wonen-ui/src/stories/mockedData/PermitsSynopsisData.ts","statementMap":{"0":{"start":{"line":3,"column":42},"end":{"line":82,"column":1}}},"fnMap":{},"branchMap":{},"s":{"0":0},"f":{},"b":{}}
,"/Users/remyvanderwereld/git/wonen-ui/src/stories/mockedData/definitionListData.ts": {"path":"/Users/remyvanderwereld/git/wonen-ui/src/stories/mockedData/definitionListData.ts","statementMap":{"0":{"start":{"line":1,"column":27},"end":{"line":6,"column":1}}},"fnMap":{},"branchMap":{},"s":{"0":0},"f":{},"b":{}}
,"/Users/remyvanderwereld/git/wonen-ui/src/stories/mockedData/eventsTimelineData.ts": {"path":"/Users/remyvanderwereld/git/wonen-ui/src/stories/mockedData/eventsTimelineData.ts","statementMap":{"0":{"start":{"line":3,"column":40},"end":{"line":309,"column":1}}},"fnMap":{},"branchMap":{},"s":{"0":0},"f":{},"b":{}}
,"/Users/remyvanderwereld/git/wonen-ui/src/stories/mockedData/holidayRentalData.ts": {"path":"/Users/remyvanderwereld/git/wonen-ui/src/stories/mockedData/holidayRentalData.ts","statementMap":{"0":{"start":{"line":3,"column":62},"end":{"line":406,"column":1}}},"fnMap":{},"branchMap":{},"s":{"0":0},"f":{},"b":{}}
,"/Users/remyvanderwereld/git/wonen-ui/src/stories/mockedData/holidayRentalReportsData.ts": {"path":"/Users/remyvanderwereld/git/wonen-ui/src/stories/mockedData/holidayRentalReportsData.ts","statementMap":{"0":{"start":{"line":3,"column":42},"end":{"line":52,"column":1}}},"fnMap":{},"branchMap":{},"s":{"0":0},"f":{},"b":{}}
,"/Users/remyvanderwereld/git/wonen-ui/src/stories/mockedData/permitsOverviewData.ts": {"path":"/Users/remyvanderwereld/git/wonen-ui/src/stories/mockedData/permitsOverviewData.ts","statementMap":{"0":{"start":{"line":3,"column":38},"end":{"line":56,"column":1}}},"fnMap":{},"branchMap":{},"s":{"0":0},"f":{},"b":{}}
,"/Users/remyvanderwereld/git/wonen-ui/src/stories/mockedData/residentsData.ts": {"path":"/Users/remyvanderwereld/git/wonen-ui/src/stories/mockedData/residentsData.ts","statementMap":{"0":{"start":{"line":3,"column":37},"end":{"line":431,"column":1}}},"fnMap":{},"branchMap":{},"s":{"0":0},"f":{},"b":{}}
}
