{"/Users/remcohoff/projects/tiltshift/development/wonen-ui/src/components/timeline/Header/Header.tsx": {"path":"/Users/remcohoff/projects/tiltshift/development/wonen-ui/src/components/timeline/Header/Header.tsx","statementMap":{"0":{"start":{"line":7,"column":32},"end":{"line":9,"column":1}},"1":{"start":{"line":8,"column":2},"end":{"line":8,"column":50}}},"fnMap":{"0":{"name":"(anonymous_0)","decl":{"start":{"line":7,"column":32},"end":{"line":7,"column":33}},"loc":{"start":{"line":8,"column":2},"end":{"line":8,"column":50}},"line":8}},"branchMap":{"0":{"loc":{"start":{"line":8,"column":22},"end":{"line":8,"column":42}},"type":"binary-expr","locations":[{"start":{"line":8,"column":22},"end":{"line":8,"column":28}},{"start":{"line":8,"column":32},"end":{"line":8,"column":42}}],"line":8}},"s":{"0":2,"1":2},"f":{"0":2},"b":{"0":[2,1]},"_coverageSchema":"1a1c01bbd47fc00a2c39e90264f33305004495a9","hash":"cba8baee3a136174d636625eb4ce01ec05d5965d"}
,"/Users/remcohoff/projects/tiltshift/development/wonen-ui/src/components/timeline/Timeline/Timeline.tsx": {"path":"/Users/remcohoff/projects/tiltshift/development/wonen-ui/src/components/timeline/Timeline/Timeline.tsx","statementMap":{"0":{"start":{"line":8,"column":34},"end":{"line":10,"column":1}},"1":{"start":{"line":9,"column":2},"end":{"line":9,"column":28}}},"fnMap":{"0":{"name":"(anonymous_0)","decl":{"start":{"line":8,"column":34},"end":{"line":8,"column":35}},"loc":{"start":{"line":9,"column":2},"end":{"line":9,"column":28}},"line":9}},"branchMap":{},"s":{"0":1,"1":1},"f":{"0":1},"b":{},"_coverageSchema":"1a1c01bbd47fc00a2c39e90264f33305004495a9","hash":"a9f9c890fceff8edabbbff1239e0e8b474cedbf5"}
}
